Поле имени содержит НЕ только буквы Пенг42 euxtjquwo@mail.ru 32
Поле email НЕ содержит @ и .(точку) Пенг grnsf.mail.ru 70
Поле email НЕ содержит @ и .(точку) Владимир 8 gumxfigvam
Поле возраст НЕ является числом от 10 до 99 Джамшут tyyolvkn@ya.ru 7
Поле возраст НЕ является числом от 10 до 99 Дмитрий sdw@gmail.com 101
Поле email НЕ содержит @ и .(точку) Ольга kbzjth 13
Поле возраст НЕ является числом от 10 до 99 Джигурда arlmdlrn@mail.ru 7
Поле возраст НЕ является числом от 10 до 99 Волочкова tgnrnmo@mail.ru 9
Поле email НЕ содержит @ и .(точку) Чонгкун iflyyvp.ru 73
Поле имени содержит НЕ только буквы Ярослав42 ffcbzt@gmail.com 74
Поле возраст НЕ является числом от 10 до 99 Яочуан xi@mail.ru 100
Поле возраст НЕ является числом от 10 до 99 Земфира jqwpvljxg@mail.ru 7
Поле имени содержит НЕ только буквы Гнойный666 zrjzfsdyqr@mail.ru 95
Поле email НЕ содержит @ и .(точку) Ярослав 63 jlygzs@gmail.com
Поле email НЕ содержит @ и .(точку) Джамшут lsruraertfigvam 13
Поле возраст НЕ является числом от 10 до 99 Яочуан wmzvcqqyve@ya.ru 100
Поле имени содержит НЕ только буквы Земфира42 rwkzbyao@gmail.com 68
Поле возраст НЕ является числом от 10 до 99 Ли iahmkzj@ya.ru 8
Поле имени содержит НЕ только буквы Пенг666 ms@ya.ru 93
Поле возраст НЕ является числом от 10 до 99 Чонгкун ngdbn@ya.ru 101
Не хватает операндов not enough values to unpack (expected 3, got 2) в строке 41 wks@gmail.com
Поле возраст НЕ является числом от 10 до 99 Тролль oprzfut@ya.ru 7
Не хватает операндов not enough values to unpack (expected 3, got 2) в строке Михаил yi@mail.ru
Поле имени содержит НЕ только буквы Ольга666 utlpnwgik@ya.ru 68
Поле email НЕ содержит @ и .(точку) Хенг 96 brxe@ya.ru
Поле возраст НЕ является числом от 10 до 99 Дмитрий zraliqjrtm@gmail.com 7
Поле email НЕ содержит @ и .(точку) Дмитрий tubdfigvam 47
Поле email НЕ содержит @ и .(точку) Яочуан cgznlvna 98
Поле возраст НЕ является числом от 10 до 99 Нагиев fflxrbzszh@ya.ru 101
Поле возраст НЕ является числом от 10 до 99 Геннадий gr@mail.ru 8
Не хватает операндов not enough values to unpack (expected 3, got 1) в строке wntxmmh@mail.ru
Поле email НЕ содержит @ и .(точку) Анна pj.ru 95
Не хватает операндов not enough values to unpack (expected 3, got 1) в строке 85
Поле имени содержит НЕ только буквы Ли666 xxqskfbpvd@gmail.com 14
Поле имени содержит НЕ только буквы Яочуан666 gmak@mail.ru 57
Поле возраст НЕ является числом от 10 до 99 Джигурда hmyhkidqn@ya.ru 8
Поле имени содержит НЕ только буквы Гнойный42 sbhrryli@gmail.com 29
Поле имени содержит НЕ только буквы Ли42 ktcrzpnp@ya.ru 29
Поле email НЕ содержит @ и .(точку) Хенг yefrwjcttf 11
Поле имени содержит НЕ только буквы Анна666 kko@gmail.com 81
Поле имени содержит НЕ только буквы Тролль666 nsocnzas.mail.ru 82
Не хватает операндов not enough values to unpack (expected 3, got 2) в строке Земфира 86
Не хватает операндов not enough values to unpack (expected 3, got 1) в строке 
Поле возраст НЕ является числом от 10 до 99 Нагиев qwtqnx@ya.ru 8
Поле возраст НЕ является числом от 10 до 99 Дмитрий qh@mail.ru 7
Поле возраст НЕ является числом от 10 до 99 Анна ljaznlcz@mail.ru 7
Поле email НЕ содержит @ и .(точку) Земфира zpfvcvb 97
Поле email НЕ содержит @ и .(точку) Ван vbfigvam 93
Поле email НЕ содержит @ и .(точку) Ван dlvxhrcf 22
Поле email НЕ содержит @ и .(точку) Геннадий 12 lrznx@gmail.com
Не хватает операндов not enough values to unpack (expected 3, got 2) в строке 48 gfedb@mail.ru
Не хватает операндов not enough values to unpack (expected 3, got 2) в строке Пенг libyhk@mail.ru
Поле имени содержит НЕ только буквы Анна42 pcjyji@mail.ru 52
Поле email НЕ содержит @ и .(точку) Артём isoxlfcoeb.mail.ru 62
Поле возраст НЕ является числом от 10 до 99 Земфира cfsycaqk@gmail.com 9
Поле возраст НЕ является числом от 10 до 99 Земфира xygxmdh@mail.ru 8
Поле email НЕ содержит @ и .(точку) Хенг 97 mpqzthnd@mail.ru
Поле возраст НЕ является числом от 10 до 99 Сянцзян buku@mail.ru 9
Поле возраст НЕ является числом от 10 до 99 Пенг kdcyiitl@mail.ru 9
Поле возраст НЕ является числом от 10 до 99 Гнойный wgmbkof@gmail.com 100
Поле имени содержит НЕ только буквы Волочкова42 efe@ya.ru 79
Не хватает операндов not enough values to unpack (expected 3, got 1) в строке 64
Поле имени содержит НЕ только буквы Нагиев666 txccjjszt@ya.ru 17
Поле email НЕ содержит @ и .(точку) Гнойный ai.ru 36
Поле email НЕ содержит @ и .(точку) Земфира 15 rttzfh@ya.ru
Не хватает операндов not enough values to unpack (expected 3, got 1) в строке 
Поле email НЕ содержит @ и .(точку) Ли dyhelbnsiefigvam 31
Поле email НЕ содержит @ и .(точку) Ольга 65 fl@mail.ru
Поле возраст НЕ является числом от 10 до 99 Артём elf@mail.ru 101
Поле имени содержит НЕ только буквы Бузова42 kcysx@mail.ru 25
Поле email НЕ содержит @ и .(точку) Ван cohymcu.mail.ru 93
Поле возраст НЕ является числом от 10 до 99 Бузова gqt@ya.ru 8
Поле возраст НЕ является числом от 10 до 99 Пенг lmymg@ya.ru 100
Не хватает операндов not enough values to unpack (expected 3, got 2) в строке 54 dsohvsqen@ya.ru
Поле email НЕ содержит @ и .(точку) Владимир zvmklam 15
Поле email НЕ содержит @ и .(точку) Гнойный kt.mail.ru 91
Не хватает операндов not enough values to unpack (expected 3, got 2) в строке 91 rvgzbnl@gmail.com
Поле возраст НЕ является числом от 10 до 99 Ольга dvbnqqtcd@ya.ru 7
Поле возраст НЕ является числом от 10 до 99 Геннадий kvpbwddtk@mail.ru 101
Поле email НЕ содержит @ и .(точку) Нагиев 35 txgfbp@gmail.com
Поле имени содержит НЕ только буквы Анна666 ykjlvew@gmail.com 85
Поле имени содержит НЕ только буквы Ольга42 wbdv@gmail.com 42
Поле имени содержит НЕ только буквы Ольга42 mgjmyuavwj@mail.ru 25
Поле возраст НЕ является числом от 10 до 99 Муммий cwxiewt@gmail.com 101
Поле email НЕ содержит @ и .(точку) Джигурда fjeiqo.mail.ru 90
Поле возраст НЕ является числом от 10 до 99 Ли eowsjrz@ya.ru 7
Поле возраст НЕ является числом от 10 до 99 Артём qqlssl@gmail.com 9
Поле возраст НЕ является числом от 10 до 99 Сянцзян jxognvpf@mail.ru 100
Не хватает операндов not enough values to unpack (expected 3, got 1) в строке Владимир
Поле email НЕ содержит @ и .(точку) Джамшут redwfigvam 60
Поле имени содержит НЕ только буквы Тролль!!!!1 tnkugfise@ya.ru 9
Поле имени содержит НЕ только буквы Ярослав!!!!1 mhfkmlfigvam 35
Поле email НЕ содержит @ и .(точку) Земфира lgcrl 83
Поле возраст НЕ является числом от 10 до 99 Мария plogsfhjr@gmail.com 7
Поле имени содержит НЕ только буквы Джигурда666 hirbb@ya.ru 14
Не хватает операндов not enough values to unpack (expected 3, got 1) в строке 37
Не хватает операндов not enough values to unpack (expected 3, got 1) в строке Владимир
Поле возраст НЕ является числом от 10 до 99 Ярослав zektqtg@ya.ru 100
Поле возраст НЕ является числом от 10 до 99 Ли fnz@ya.ru 7
Поле email НЕ содержит @ и .(точку) Ярослав jjeowwmen 75
Не хватает операндов not enough values to unpack (expected 3, got 1) в строке 
Поле возраст НЕ является числом от 10 до 99 Пенг qlxws@gmail.com 7
Поле имени содержит НЕ только буквы Геннадий!!!!1 oqkolaurl@mail.ru 16
Поле email НЕ содержит @ и .(точку) Владимир zwmnwxc 69
Поле возраст НЕ является числом от 10 до 99 Джигурда xoq@gmail.com 7
Поле возраст НЕ является числом от 10 до 99 Артём ucgzuvud@gmail.com 9
Поле email НЕ содержит @ и .(точку) Земфира 33 xavvzbe@mail.ru
Поле имени содержит НЕ только буквы Гнойный666 dhqinljcm@ya.ru 86
Не хватает операндов not enough values to unpack (expected 3, got 1) в строке 
Поле email НЕ содержит @ и .(точку) Степан doddcyqspo 86
Поле email НЕ содержит @ и .(точку) Муммий kfyzcv.mail.ru 38
Поле возраст НЕ является числом от 10 до 99 Пенг lfjzkftwfn@ya.ru 8
Поле возраст НЕ является числом от 10 до 99 Муммий kwsdchxc@mail.ru 8
Поле email НЕ содержит @ и .(точку) Пенг ycvfigvam 91
Поле возраст НЕ является числом от 10 до 99 Мария uslq@ya.ru 9
Поле имени содержит НЕ только буквы Мария666 ax@ya.ru 10
Поле имени содержит НЕ только буквы Ольга666 xhpowfavv@mail.ru 16
Не хватает операндов not enough values to unpack (expected 3, got 1) в строке 
Поле возраст НЕ является числом от 10 до 99 Степан btscwz@mail.ru 101
Не хватает операндов not enough values to unpack (expected 3, got 1) в строке 51
Не хватает операндов not enough values to unpack (expected 3, got 1) в строке 
Поле email НЕ содержит @ и .(точку) Чонгкун jiqwzjx 63
Поле возраст НЕ является числом от 10 до 99 Яочуан mtgjp@mail.ru 101
Поле возраст НЕ является числом от 10 до 99 Ольга aorfimupuq@ya.ru 100
Поле возраст НЕ является числом от 10 до 99 Равшан qwj@gmail.com 101
Поле имени содержит НЕ только буквы Равшан!!!!1 ee@gmail.com 57
Не хватает операндов not enough values to unpack (expected 3, got 2) в строке Бузова aquuftkrh@gmail.com
Поле email НЕ содержит @ и .(точку) Геннадий 36 nfsxqtabzt@gmail.com
Поле возраст НЕ является числом от 10 до 99 Михаил hidos@gmail.com 101
Поле имени содержит НЕ только буквы Михаил666 pvabwwymp@gmail.com 88
Поле имени содержит НЕ только буквы Нагиев666 xwnmfigvam 59
Поле имени содержит НЕ только буквы Муммий!!!!1 tsfowgyt@ya.ru 89
Поле имени содержит НЕ только буквы Равшан666 evayobrerz@mail.ru 52
Не хватает операндов not enough values to unpack (expected 3, got 1) в строке 
Поле email НЕ содержит @ и .(точку) Нагиев 72 crek@ya.ru
Поле возраст НЕ является числом от 10 до 99 Тролль yauqsnry@gmail.com 9
Поле имени содержит НЕ только буквы Сянцзян666 phdjniunaf@ya.ru 8
Поле возраст НЕ является числом от 10 до 99 Хенг yneo@mail.ru 8
Поле имени содержит НЕ только буквы Ли666 ga@gmail.com 46
Поле email НЕ содержит @ и .(точку) Анна wkguvadej 8
Поле имени содержит НЕ только буквы Равшан42 qrmfi@mail.ru 29
Поле email НЕ содержит @ и .(точку) Волочкова 42 iqqkfxew@mail.ru
Поле имени содержит НЕ только буквы Ольга42 eyplplbdvp@gmail.com 28
Поле email НЕ содержит @ и .(точку) Земфира fnlsuuge 48
Поле email НЕ содержит @ и .(точку) Ли znfhr 44
Поле email НЕ содержит @ и .(точку) Гнойный 48 iwli@mail.ru
Поле email НЕ содержит @ и .(точку) Ли atqhh.ru 99
Поле имени содержит НЕ только буквы Анна!!!!1 bqktw@gmail.com 65
Поле возраст НЕ является числом от 10 до 99 Чехова rigd@ya.ru 7
Не хватает операндов not enough values to unpack (expected 3, got 2) в строке 98 xp@mail.ru
Поле email НЕ содержит @ и .(точку) Земфира 36 nffdhs@ya.ru
Не хватает операндов not enough values to unpack (expected 3, got 2) в строке Муммий 79
Поле имени содержит НЕ только буквы Волочкова42 toijyvt@gmail.com 7
Поле email НЕ содержит @ и .(точку) Сянцзян kotbwuibd 39
Поле возраст НЕ является числом от 10 до 99 Нагиев zoz@mail.ru 9
Не хватает операндов not enough values to unpack (expected 3, got 2) в строке 13 eqghsyv@ya.ru
Поле возраст НЕ является числом от 10 до 99 Геннадий ogn@mail.ru 9
Поле email НЕ содержит @ и .(точку) Анна lyrzfigvam 50
Поле имени содержит НЕ только буквы Ван!!!!1 dekbmeygdv@gmail.com 17
Поле email НЕ содержит @ и .(точку) Артём 62 xaxwwtnhm
Поле возраст НЕ является числом от 10 до 99 Ольга uz@mail.ru 101
Поле возраст НЕ является числом от 10 до 99 Нагиев opru@mail.ru 100
Поле имени содержит НЕ только буквы Равшан!!!!1 gfaefwi@gmail.com 79
Не хватает операндов not enough values to unpack (expected 3, got 2) в строке 65 iptmugr@mail.ru
Не хватает операндов not enough values to unpack (expected 3, got 1) в строке Хенг
Не хватает операндов not enough values to unpack (expected 3, got 1) в строке 
Поле имени содержит НЕ только буквы Ли666 lyfmfp@ya.ru 96
Поле имени содержит НЕ только буквы Нагиев42 ym@mail.ru 27
Поле email НЕ содержит @ и .(точку) Анна hffigvam 43
Не хватает операндов not enough values to unpack (expected 3, got 1) в строке Ван
Поле email НЕ содержит @ и .(точку) Ярослав 63 sexveg@gmail.com
Поле имени содержит НЕ только буквы Ольга!!!!1 cjujuc@ya.ru 35
Поле возраст НЕ является числом от 10 до 99 Пенг loyfqih@mail.ru 7
Поле email НЕ содержит @ и .(точку) Равшан nkbkkxutvtfigvam 57
Не хватает операндов not enough values to unpack (expected 3, got 1) в строке Тролль
Поле возраст НЕ является числом от 10 до 99 Дмитрий gdpplo@mail.ru 9
Поле возраст НЕ является числом от 10 до 99 Яочуан ulwxku@gmail.com 8
Поле email НЕ содержит @ и .(точку) Равшан yva.mail.ru 21
Поле email НЕ содержит @ и .(точку) Ван rtndt 79
Поле email НЕ содержит @ и .(точку) Ярослав qlqsfigvam 70
Поле email НЕ содержит @ и .(точку) Мария 72 dgsvr@ya.ru
Поле имени содержит НЕ только буквы Волочкова666 fiyzyx@mail.ru 47
Поле возраст НЕ является числом от 10 до 99 Артём hdgpkrw@ya.ru 100
Поле имени содержит НЕ только буквы Джамшут666 bkuptdyvdz@ya.ru 61
Поле возраст НЕ является числом от 10 до 99 Ли ofkclep@mail.ru 9
Поле имени содержит НЕ только буквы Ольга666 mfjyl@mail.ru 22
Поле email НЕ содержит @ и .(точку) Нагиев vqqufigvam 31
Поле имени содержит НЕ только буквы Муммий!!!!1 qpodw@mail.ru 32
Поле возраст НЕ является числом от 10 до 99 Владимир cnvfq@gmail.com 7
Поле имени содержит НЕ только буквы Джигурда!!!!1 zrhuigzsnf@mail.ru 34
Поле возраст НЕ является числом от 10 до 99 Джигурда orcpss@ya.ru 100
Поле возраст НЕ является числом от 10 до 99 Ли boguqbuu@gmail.com 7
Поле email НЕ содержит @ и .(точку) Ольга pgtl.ru 98
Поле email НЕ содержит @ и .(точку) Мария mspjbfigvam 36
Не хватает операндов not enough values to unpack (expected 3, got 1) в строке Сянцзян
Поле возраст НЕ является числом от 10 до 99 Равшан mdokjjrnvg@mail.ru 7
Поле email НЕ содержит @ и .(точку) Мария oig 76
Поле email НЕ содержит @ и .(точку) Тролль ghjropl.mail.ru 85
Поле возраст НЕ является числом от 10 до 99 Волочкова oe@gmail.com 101
Не хватает операндов not enough values to unpack (expected 3, got 1) в строке 
Поле email НЕ содержит @ и .(точку) Земфира ybk.ru 85
Поле email НЕ содержит @ и .(точку) Ольга vocfyjidrb 20
Поле возраст НЕ является числом от 10 до 99 Тролль vrqgob@mail.ru 8
Поле email НЕ содержит @ и .(точку) Мария fqpnhwlj.mail.ru 46
Поле имени содержит НЕ только буквы Ли!!!!1 zhw@mail.ru 10
Поле имени содержит НЕ только буквы Хенг666 agjhusbkoe@gmail.com 33
Поле имени содержит НЕ только буквы Равшан42 ncmjadmmh@ya.ru 95
Не хватает операндов not enough values to unpack (expected 3, got 2) в строке 58 xomfg@mail.ru
Поле имени содержит НЕ только буквы Нагиев42 wara@mail.ru 24
Поле возраст НЕ является числом от 10 до 99 Артём fyypnlxwa@mail.ru 8
Поле возраст НЕ является числом от 10 до 99 Анна uepiyqy@mail.ru 101
Поле email НЕ содержит @ и .(точку) Ярослав hhirwcetv 80
Поле возраст НЕ является числом от 10 до 99 Пенг mkuiungv@mail.ru 9
Поле имени содержит НЕ только буквы Михаил666 iggl@ya.ru 78
Поле возраст НЕ является числом от 10 до 99 Пенг fcj@gmail.com 101
Не хватает операндов not enough values to unpack (expected 3, got 1) в строке 
Поле имени содержит НЕ только буквы Ольга!!!!1 lpqimz@mail.ru 72
Поле возраст НЕ является числом от 10 до 99 Волочкова uajtxxoc@gmail.com 100
Не хватает операндов not enough values to unpack (expected 3, got 1) в строке 31
Поле email НЕ содержит @ и .(точку) Ван yrz.mail.ru 101
Не хватает операндов not enough values to unpack (expected 3, got 2) в строке Геннадий jlonbdf@mail.ru
Поле имени содержит НЕ только буквы Михаил!!!!1 dicke@ya.ru 97
Поле возраст НЕ является числом от 10 до 99 Владимир xmwfayrc@ya.ru 8
Поле email НЕ содержит @ и .(точку) Ван fvtrkbbenj.ru 26
Поле возраст НЕ является числом от 10 до 99 Яочуан bs@mail.ru 7
Не хватает операндов not enough values to unpack (expected 3, got 1) в строке Ярослав
Поле имени содержит НЕ только буквы Анна42 zcs@mail.ru 42
Не хватает операндов not enough values to unpack (expected 3, got 2) в строке Муммий 90
Поле имени содержит НЕ только буквы Анна42 vhhwftfcg@mail.ru 53
Поле возраст НЕ является числом от 10 до 99 Степан jjzi@mail.ru 7
Не хватает операндов not enough values to unpack (expected 3, got 1) в строке 
Поле имени содержит НЕ только буквы Нагиев666 wteoex@mail.ru 9
Не хватает операндов not enough values to unpack (expected 3, got 2) в строке 81 nett@gmail.com
Поле возраст НЕ является числом от 10 до 99 Дмитрий xb@ya.ru 100
Поле email НЕ содержит @ и .(точку) Муммий uiafigvam 62
Поле имени содержит НЕ только буквы Хенг!!!!1 osyznzo@ya.ru 67
Поле имени содержит НЕ только буквы Сянцзян666 xregmycxtn@ya.ru 95
Поле email НЕ содержит @ и .(точку) Ли lztfjuh 22
Поле email НЕ содержит @ и .(точку) Геннадий 94 xhuwmic@gmail.com
Не хватает операндов not enough values to unpack (expected 3, got 1) в строке 
Поле email НЕ содержит @ и .(точку) Джигурда mwqdkzok.ru 83
Поле возраст НЕ является числом от 10 до 99 Гнойный udxi@gmail.com 101
Не хватает операндов not enough values to unpack (expected 3, got 1) в строке tq@mail.ru
Поле возраст НЕ является числом от 10 до 99 Ольга ct@mail.ru 100
Поле имени содержит НЕ только буквы Чонгкун42 qhedc@ya.ru 59
Поле имени содержит НЕ только буквы Геннадий42 aespu@mail.ru 97
Поле возраст НЕ является числом от 10 до 99 Джигурда rn@gmail.com 8
Не хватает операндов not enough values to unpack (expected 3, got 1) в строке Тролль
Поле email НЕ содержит @ и .(точку) Артём uhhdaycfigvam 18
Поле email НЕ содержит @ и .(точку) Дмитрий cbtewsu 100
Не хватает операндов not enough values to unpack (expected 3, got 2) в строке 88 owmogsfi@ya.ru
Поле email НЕ содержит @ и .(точку) Волочкова nu.mail.ru 17
Поле email НЕ содержит @ и .(точку) Мария 8 yg@ya.ru
Поле возраст НЕ является числом от 10 до 99 Чехова lidxddaoqw@mail.ru 100
Поле возраст НЕ является числом от 10 до 99 Чонгкун tylquyseiz@gmail.com 100
Поле возраст НЕ является числом от 10 до 99 Бузова iok@gmail.com 8
Не хватает операндов not enough values to unpack (expected 3, got 1) в строке Чонгкун
Не хватает операндов not enough values to unpack (expected 3, got 1) в строке Земфира
Поле возраст НЕ является числом от 10 до 99 Геннадий zwf@gmail.com 100
Поле email НЕ содержит @ и .(точку) Нагиев 85 bzwdxvy@ya.ru
Поле возраст НЕ является числом от 10 до 99 Ли dgqm@mail.ru 8
Поле возраст НЕ является числом от 10 до 99 Мария ontqgx@mail.ru 100
Поле возраст НЕ является числом от 10 до 99 Мария deyzithaw@mail.ru 8
Поле возраст НЕ является числом от 10 до 99 Ван sadolr@ya.ru 101
Поле возраст НЕ является числом от 10 до 99 Степан kf@ya.ru 8
Поле возраст НЕ является числом от 10 до 99 Равшан wgusm@gmail.com 9
Не хватает операндов not enough values to unpack (expected 3, got 1) в строке 
Поле возраст НЕ является числом от 10 до 99 Земфира uwdvnli@mail.ru 8
Не хватает операндов not enough values to unpack (expected 3, got 1) в строке 16
Поле имени содержит НЕ только буквы Артём42 su@ya.ru 26
Не хватает операндов not enough values to unpack (expected 3, got 1) в строке 86
Поле email НЕ содержит @ и .(точку) Хенг edqh 20
Поле email НЕ содержит @ и .(точку) Анна 99 tqdylq@gmail.com
Поле email НЕ содержит @ и .(точку) Гнойный mvjcfigvam 52
Поле имени содержит НЕ только буквы Геннадий666 baq@gmail.com 74
Поле email НЕ содержит @ и .(точку) Гнойный esd 9
Поле имени содержит НЕ только буквы Равшан666 tokg@gmail.com 25
Не хватает операндов not enough values to unpack (expected 3, got 1) в строке 42
Поле возраст НЕ является числом от 10 до 99 Ли aeonyiu@mail.ru 9
Поле возраст НЕ является числом от 10 до 99 Яочуан si@gmail.com 7
Поле имени содержит НЕ только буквы Степан!!!!1 dvac@gmail.com 94
Поле email НЕ содержит @ и .(точку) Дмитрий 82 pqlmawawd@mail.ru
Поле возраст НЕ является числом от 10 до 99 Тролль sjxjgkmlq@ya.ru 8
Поле имени содержит НЕ только буквы Мария!!!!1 xl@mail.ru 52
Поле имени содержит НЕ только буквы Дмитрий42 fbllfxosnn@mail.ru 94
Поле возраст НЕ является числом от 10 до 99 Ли gnir@gmail.com 7
Поле возраст НЕ является числом от 10 до 99 Ольга ha@ya.ru 9
Не хватает операндов not enough values to unpack (expected 3, got 2) в строке Геннадий apttruc@gmail.com
Поле возраст НЕ является числом от 10 до 99 Хенг gjmkdp@gmail.com 9
Поле возраст НЕ является числом от 10 до 99 Джигурда hsdu@ya.ru 101
Поле имени содержит НЕ только буквы Гнойный666 qlv@gmail.com 12
Поле возраст НЕ является числом от 10 до 99 Муммий pidjfftm@mail.ru 8
Поле имени содержит НЕ только буквы Ярослав!!!!1 wu@gmail.com 31
Поле имени содержит НЕ только буквы Ярослав42 xec@gmail.com 62
Поле возраст НЕ является числом от 10 до 99 Джамшут hpzoktyo@gmail.com 101
Поле email НЕ содержит @ и .(точку) Ольга 36 chh@mail.ru
Не хватает операндов not enough values to unpack (expected 3, got 1) в строке 14
Не хватает операндов not enough values to unpack (expected 3, got 1) в строке ibnwoguc@mail.ru
Поле возраст НЕ является числом от 10 до 99 Ли nacdtxienb@mail.ru 100
Поле возраст НЕ является числом от 10 до 99 Анна cxkqato@mail.ru 8
Поле имени содержит НЕ только буквы Чехова42 owayi@mail.ru 14
Поле возраст НЕ является числом от 10 до 99 Чонгкун jrhsmdgbx@gmail.com 7
Поле возраст НЕ является числом от 10 до 99 Ярослав qo@mail.ru 9
Поле возраст НЕ является числом от 10 до 99 Анна sba@ya.ru 101
Поле имени содержит НЕ только буквы Джамшут666 cckguhj@mail.ru 31
Поле возраст НЕ является числом от 10 до 99 Бузова uppchfkyju@gmail.com 9
Поле имени содержит НЕ только буквы Ярослав!!!!1 jf@ya.ru 62
Поле email НЕ содержит @ и .(точку) Геннадий hjfdi.mail.ru 7
Поле возраст НЕ является числом от 10 до 99 Гнойный wr@mail.ru 7
Поле возраст НЕ является числом от 10 до 99 Бузова gmm@ya.ru 7
Поле email НЕ содержит @ и .(точку) Геннадий abtk 75
Поле имени содержит НЕ только буквы Ярослав666 jeh 63
Поле имени содержит НЕ только буквы Михаил42 kzcp@mail.ru 78
Поле возраст НЕ является числом от 10 до 99 Степан uftoobjxk@mail.ru 8
Поле возраст НЕ является числом от 10 до 99 Ли xfhjyoju@gmail.com 100
Поле email НЕ содержит @ и .(точку) Джигурда jxvtxvxwsfigvam 95
Поле имени содержит НЕ только буквы Ли666 bqmybd@mail.ru 75
Поле имени содержит НЕ только буквы Дмитрий666 ezjv@gmail.com 21
Поле возраст НЕ является числом от 10 до 99 Ван iaphxaoo@gmail.com 8
Поле возраст НЕ является числом от 10 до 99 Чонгкун mhkhqjhmx@gmail.com 7
Поле возраст НЕ является числом от 10 до 99 Яочуан ygdqxja@mail.ru 100
Поле имени содержит НЕ только буквы Джамшут666 rndlsfo@gmail.com 12
Поле email НЕ содержит @ и .(точку) Дмитрий dwymn 20
Поле имени содержит НЕ только буквы Ярослав!!!!1 suldafigvam 92
Поле email НЕ содержит @ и .(точку) Михаил hmjiuuvvhufigvam 32
Не хватает операндов not enough values to unpack (expected 3, got 2) в строке 99 xyehgwzuu@gmail.com
Не хватает операндов not enough values to unpack (expected 3, got 1) в строке 66
Поле возраст НЕ является числом от 10 до 99 Чонгкун mhycl@gmail.com 9
Поле возраст НЕ является числом от 10 до 99 Пенг vyoik@ya.ru 100
Поле возраст НЕ является числом от 10 до 99 Владимир rinftidh@ya.ru 101
Поле имени содержит НЕ только буквы Муммий666 pd@mail.ru 87
Поле возраст НЕ является числом от 10 до 99 Мария dpbpily@gmail.com 9
Не хватает операндов not enough values to unpack (expected 3, got 1) в строке yv@mail.ru
Поле возраст НЕ является числом от 10 до 99 Владимир zrignrbba@gmail.com 8
Поле email НЕ содержит @ и .(точку) Земфира lzcsiq.ru 42
Поле email НЕ содержит @ и .(точку) Яочуан vi.ru 101
Поле имени содержит НЕ только буквы Ли42 nasa@gmail.com 20
Поле возраст НЕ является числом от 10 до 99 Мария ixhn@ya.ru 100
Не хватает операндов not enough values to unpack (expected 3, got 1) в строке 
Поле email НЕ содержит @ и .(точку) Анна 85 elchvgwknw@gmail.com
Поле возраст НЕ является числом от 10 до 99 Бузова igr@ya.ru 8
Поле возраст НЕ является числом от 10 до 99 Яочуан ksufmcroha@gmail.com 101
Поле возраст НЕ является числом от 10 до 99 Хенг ngpoldldwl@ya.ru 100
Поле возраст НЕ является числом от 10 до 99 Чонгкун gq@ya.ru 7
Не хватает операндов not enough values to unpack (expected 3, got 2) в строке 89 qhl@mail.ru
Поле возраст НЕ является числом от 10 до 99 Яочуан iuth@ya.ru 8
Поле email НЕ содержит @ и .(точку) Равшан 39 icuzo@ya.ru
Поле имени содержит НЕ только буквы Ольга666 sigmjeofjf@gmail.com 17
Поле возраст НЕ является числом от 10 до 99 Мария yjuzmr@gmail.com 9
Поле имени содержит НЕ только буквы Волочкова666 cgoivrmofg@gmail.com 81
Поле имени содержит НЕ только буквы Равшан666 nyx@ya.ru 60
Поле возраст НЕ является числом от 10 до 99 Дмитрий xback@mail.ru 7
Поле email НЕ содержит @ и .(точку) Геннадий almb.mail.ru 18
Поле возраст НЕ является числом от 10 до 99 Ли lc@ya.ru 9
Поле возраст НЕ является числом от 10 до 99 Земфира plslxirp@gmail.com 101
Поле возраст НЕ является числом от 10 до 99 Чехова ssdpstvvxi@gmail.com 7
Поле возраст НЕ является числом от 10 до 99 Ли pcnvxsf@ya.ru 100
Поле имени содержит НЕ только буквы Джамшут666 bu@ya.ru 54
Поле возраст НЕ является числом от 10 до 99 Джигурда ssecik@ya.ru 7
Поле имени содержит НЕ только буквы Михаил!!!!1 ayfunbjvq@mail.ru 91
Поле email НЕ содержит @ и .(точку) Степан 36 caye@ya.ru
Поле email НЕ содержит @ и .(точку) Дмитрий eyogojynek 26
Поле email НЕ содержит @ и .(точку) Чехова jtvxk 12
Не хватает операндов not enough values to unpack (expected 3, got 1) в строке oy@gmail.com
Поле возраст НЕ является числом от 10 до 99 Артём iwkukwzt@ya.ru 8
Поле возраст НЕ является числом от 10 до 99 Волочкова kvy@ya.ru 101
Поле email НЕ содержит @ и .(точку) Сянцзян dgxpv 82
Поле email НЕ содержит @ и .(точку) Яочуан kcj.mail.ru 11
Поле имени содержит НЕ только буквы Владимир42 ffkixmon@mail.ru 34
Поле email НЕ содержит @ и .(точку) Джамшут mahks.mail.ru 57
Поле возраст НЕ является числом от 10 до 99 Равшан rsy@gmail.com 100
Поле email НЕ содержит @ и .(точку) Чехова bjaupakumm.ru 91
Не хватает операндов not enough values to unpack (expected 3, got 2) в строке Степан 23
Поле возраст НЕ является числом от 10 до 99 Тролль mnycx@gmail.com 101
Поле имени содержит НЕ только буквы Чехова42 lxfu@gmail.com 45
Поле имени содержит НЕ только буквы Ольга42 thhtgzm@ya.ru 45
Поле имени содержит НЕ только буквы Муммий42 mdtaqsikjf@ya.ru 12
Поле возраст НЕ является числом от 10 до 99 Хенг crhsca@ya.ru 9
Поле email НЕ содержит @ и .(точку) Джамшут phlpzwfffigvam 33
Не хватает операндов not enough values to unpack (expected 3, got 1) в строке Ярослав
Поле возраст НЕ является числом от 10 до 99 Геннадий cppmo@mail.ru 8
Поле email НЕ содержит @ и .(точку) Артём aqj.ru 17
Поле имени содержит НЕ только буквы Земфира!!!!1 efz@mail.ru 45
Поле email НЕ содержит @ и .(точку) Ольга 86 zpawzdafft@gmail.com
Поле возраст НЕ является числом от 10 до 99 Михаил rtisohbr@mail.ru 101
Поле имени содержит НЕ только буквы Бузова42 riltaol@gmail.com 31
Поле email НЕ содержит @ и .(точку) Геннадий 73 jruoid@mail.ru
Не хватает операндов not enough values to unpack (expected 3, got 1) в строке xti@ya.ru
Поле email НЕ содержит @ и .(точку) Равшан scpglwfruc.mail.ru 35
Поле возраст НЕ является числом от 10 до 99 Михаил nktbmhacha@ya.ru 101
Не хватает операндов not enough values to unpack (expected 3, got 1) в строке 23
Поле возраст НЕ является числом от 10 до 99 Джигурда tjusruw@gmail.com 101
Не хватает операндов not enough values to unpack (expected 3, got 1) в строке oywlsbomiy@gmail.com
Не хватает операндов not enough values to unpack (expected 3, got 2) в строке Геннадий dfmah@gmail.com
Поле email НЕ содержит @ и .(точку) Анна rqcfigvam 58
Поле возраст НЕ является числом от 10 до 99 Геннадий gowp@ya.ru 9
Поле email НЕ содержит @ и .(точку) Яочуан hcfigvam 80
Поле email НЕ содержит @ и .(точку) Геннадий 55 ndb@ya.ru
Поле возраст НЕ является числом от 10 до 99 Ван zbubzr@gmail.com 7
Поле email НЕ содержит @ и .(точку) Ли 74 wgugrckxw@gmail.com
Поле возраст НЕ является числом от 10 до 99 Яочуан hgxwj@gmail.com 7
Поле возраст НЕ является числом от 10 до 99 Гнойный tygluu@gmail.com 9
Поле имени содержит НЕ только буквы Джигурда666 mkogutwr@gmail.com 20
Поле имени содержит НЕ только буквы Геннадий666 jqw@ya.ru 58
Поле возраст НЕ является числом от 10 до 99 Равшан mqg@mail.ru 7
Поле возраст НЕ является числом от 10 до 99 Мария fyqx@gmail.com 101
Поле email НЕ содержит @ и .(точку) Мария igqkc 56
Поле имени содержит НЕ только буквы Тролль!!!!1 iboxbi@mail.ru 27
Поле возраст НЕ является числом от 10 до 99 Ли xm@gmail.com 101
Поле имени содержит НЕ только буквы Бузова666 ndoirzuht@gmail.com 35
Не хватает операндов not enough values to unpack (expected 3, got 1) в строке 
Поле возраст НЕ является числом от 10 до 99 Ольга grctgo@mail.ru 101
Поле имени содержит НЕ только буквы Ольга666 jkks@ya.ru 88
Не хватает операндов not enough values to unpack (expected 3, got 2) в строке 14 qjdyda@ya.ru
Поле имени содержит НЕ только буквы Хенг666 dbkxglrtr@gmail.com 20
Поле возраст НЕ является числом от 10 до 99 Ван twypxwtnqs@ya.ru 8
Не хватает операндов not enough values to unpack (expected 3, got 1) в строке Ольга
Поле возраст НЕ является числом от 10 до 99 Яочуан jqrvpik@gmail.com 8
Поле возраст НЕ является числом от 10 до 99 Ярослав nbpbn@ya.ru 100
Не хватает операндов not enough values to unpack (expected 3, got 2) в строке Пенг 18
Поле возраст НЕ является числом от 10 до 99 Ван eqvzujpa@mail.ru 100
Поле имени содержит НЕ только буквы Земфира666 mkxfbiglg@ya.ru 25
Поле возраст НЕ является числом от 10 до 99 Ли vsrbknpi@gmail.com 101
Поле имени содержит НЕ только буквы Волочкова42 jplbtuvok@mail.ru 39
Поле email НЕ содержит @ и .(точку) Степан gggpaqbb 39
Поле возраст НЕ является числом от 10 до 99 Нагиев kdxmdjsfoq@gmail.com 7
Поле email НЕ содержит @ и .(точку) Ольга pyitfdyfp.ru 81
Поле email НЕ содержит @ и .(точку) Геннадий 51 ngibl@ya.ru
Поле имени содержит НЕ только буквы Ярослав!!!!1 xd@mail.ru 46
Поле email НЕ содержит @ и .(точку) Муммий tvnkfn.ru 50
Поле возраст НЕ является числом от 10 до 99 Михаил dmsckxsvkq@ya.ru 101
Поле email НЕ содержит @ и .(точку) Чонгкун qyrb 94
Поле возраст НЕ является числом от 10 до 99 Владимир txd@ya.ru 100
Поле имени содержит НЕ только буквы Пенг42 jbxhywaw@gmail.com 94
Не хватает операндов not enough values to unpack (expected 3, got 2) в строке Бузова 58
Поле возраст НЕ является числом от 10 до 99 Бузова cpzofk@ya.ru 100
Поле имени содержит НЕ только буквы Ольга666 ot@gmail.com 9
Не хватает операндов not enough values to unpack (expected 3, got 1) в строке 
Не хватает операндов not enough values to unpack (expected 3, got 1) в строке 
Поле возраст НЕ является числом от 10 до 99 Тролль nohc@ya.ru 8
Поле имени содержит НЕ только буквы Хенг42 tfglv@ya.ru 82
Поле имени содержит НЕ только буквы Мария666 sp@mail.ru 67
Поле email НЕ содержит @ и .(точку) Сянцзян mkh.mail.ru 38
Поле возраст НЕ является числом от 10 до 99 Тролль lpiqiywb@mail.ru 8
Поле email НЕ содержит @ и .(точку) Ольга alcdfigvam 75
Поле email НЕ содержит @ и .(точку) Ольга vgqdjgys.mail.ru 89
Поле возраст НЕ является числом от 10 до 99 Равшан pdomev@gmail.com 8
Не хватает операндов not enough values to unpack (expected 3, got 1) в строке 
Поле имени содержит НЕ только буквы Дмитрий!!!!1 ccoqjfx@mail.ru 15
Поле имени содержит НЕ только буквы Артём42 clcmztc@gmail.com 94
Поле возраст НЕ является числом от 10 до 99 Сянцзян jyyw@ya.ru 7
Не хватает операндов not enough values to unpack (expected 3, got 1) в строке 
Поле email НЕ содержит @ и .(точку) Джамшут 86 mz@ya.ru
Поле email НЕ содержит @ и .(точку) Ольга vheltf 30
Поле возраст НЕ является числом от 10 до 99 Ольга tmstxptsw@gmail.com 101
Поле email НЕ содержит @ и .(точку) Бузова ipguhyopqfigvam 62
Поле имени содержит НЕ только буквы Гнойный666 sjb@mail.ru 91
Поле имени содержит НЕ только буквы Чонгкун42 whw@gmail.com 71
Поле имени содержит НЕ только буквы Чехова42 ltcp@mail.ru 37
Поле email НЕ содержит @ и .(точку) Ольга 90 nbyqfilr@ya.ru
Поле email НЕ содержит @ и .(точку) Ярослав guqnftm 91
Поле возраст НЕ является числом от 10 до 99 Джигурда pwvllwc@mail.ru 100
Поле имени содержит НЕ только буквы Муммий!!!!1 ro@gmail.com 78
Поле возраст НЕ является числом от 10 до 99 Муммий afch@gmail.com 100
Поле возраст НЕ является числом от 10 до 99 Муммий kxhupvl@mail.ru 8
Поле имени содержит НЕ только буквы Владимир666 fuxy@ya.ru 13
Поле имени содержит НЕ только буквы Яочуан!!!!1 xgyph@ya.ru 73
Поле возраст НЕ является числом от 10 до 99 Муммий yorphou@mail.ru 101
Поле возраст НЕ является числом от 10 до 99 Владимир jvgb@gmail.com 9
Поле email НЕ содержит @ и .(точку) Яочуан rmuqgtv 19
Поле возраст НЕ является числом от 10 до 99 Джамшут xkmcgp@gmail.com 100
Поле возраст НЕ является числом от 10 до 99 Джамшут zmlft@gmail.com 9
Поле возраст НЕ является числом от 10 до 99 Равшан dfzxjzqx@gmail.com 9
Поле возраст НЕ является числом от 10 до 99 Мария hktpu@ya.ru 7
Поле имени содержит НЕ только буквы Муммий666 ghkzdxn@mail.ru 92
Поле email НЕ содержит @ и .(точку) Владимир xstkvrskfigvam 75
Поле email НЕ содержит @ и .(точку) Михаил ity 41
Не хватает операндов not enough values to unpack (expected 3, got 2) в строке Хенг ijygcm@mail.ru
Поле email НЕ содержит @ и .(точку) Тролль ydmqa 44
Поле возраст НЕ является числом от 10 до 99 Ярослав nylmbleako@gmail.com 7
Поле возраст НЕ является числом от 10 до 99 Муммий xjctubyfz@gmail.com 7
Поле возраст НЕ является числом от 10 до 99 Сянцзян xrcrvmblnw@ya.ru 9
Поле имени содержит НЕ только буквы Джамшут666 dgbk@gmail.com 86
Поле возраст НЕ является числом от 10 до 99 Равшан xsortwb@ya.ru 100
Поле email НЕ содержит @ и .(точку) Михаил ksfigvam 86
Не хватает операндов not enough values to unpack (expected 3, got 1) в строке 
Поле возраст НЕ является числом от 10 до 99 Равшан dp@gmail.com 7
Поле имени содержит НЕ только буквы Равшан42 oztp@gmail.com 35
Поле email НЕ содержит @ и .(точку) Пенг 91 sbkivwv@gmail.com
Поле возраст НЕ является числом от 10 до 99 Чонгкун bmybxiicj@mail.ru 100
Поле возраст НЕ является числом от 10 до 99 Анна gju@gmail.com 7
Поле email НЕ содержит @ и .(точку) Яочуан kmaqjfigvam 66
Поле email НЕ содержит @ и .(точку) Пенг ls.mail.ru 97
Поле email НЕ содержит @ и .(точку) Ольга 55 jym@mail.ru
Поле возраст НЕ является числом от 10 до 99 Волочкова hpn@gmail.com 9
Поле возраст НЕ является числом от 10 до 99 Чонгкун qduhwjj@mail.ru 9
Поле возраст НЕ является числом от 10 до 99 Чехова zbqjf@gmail.com 8
Поле имени содержит НЕ только буквы Михаил666 jtczdhuvyu@mail.ru 87
Поле имени содержит НЕ только буквы Мария666 hcz@mail.ru 49
Не хватает операндов not enough values to unpack (expected 3, got 1) в строке 
Поле email НЕ содержит @ и .(точку) Нагиев 34 xazkz@gmail.com
Поле имени содержит НЕ только буквы Нагиев!!!!1 pekyd@ya.ru 59
Поле возраст НЕ является числом от 10 до 99 Сянцзян ptuwk@mail.ru 101
Поле возраст НЕ является числом от 10 до 99 Степан pgunwi@gmail.com 101
Не хватает операндов not enough values to unpack (expected 3, got 1) в строке 
Поле возраст НЕ является числом от 10 до 99 Чехова dxkrhlt@mail.ru 8
Поле email НЕ содержит @ и .(точку) Ярослав 68 zyb.ru
Поле возраст НЕ является числом от 10 до 99 Артём avc@mail.ru 7
Поле возраст НЕ является числом от 10 до 99 Яочуан yevr@gmail.com 101
Поле email НЕ содержит @ и .(точку) Владимир 60 ldyuyv@gmail.com
Поле email НЕ содержит @ и .(точку) Мария przmjpjyuc.mail.ru 47
Поле имени содержит НЕ только буквы Геннадий666 dvgwstof@mail.ru 61
Поле имени содержит НЕ только буквы Тролль666 jwnlr@mail.ru 92
Поле возраст НЕ является числом от 10 до 99 Ли mdwje@mail.ru 7
Поле возраст НЕ является числом от 10 до 99 Волочкова zruagjjubo@mail.ru 101
Поле email НЕ содержит @ и .(точку) Равшан 94 uhddv@ya.ru
Поле возраст НЕ является числом от 10 до 99 Сянцзян mcbq@mail.ru 7
Не хватает операндов not enough values to unpack (expected 3, got 1) в строке Ли
Поле возраст НЕ является числом от 10 до 99 Анна bcmncsiazj@mail.ru 8
Поле возраст НЕ является числом от 10 до 99 Чехова cmedyzdmuf@ya.ru 8
Поле возраст НЕ является числом от 10 до 99 Ван swcpzgfqk@gmail.com 9
Поле имени содержит НЕ только буквы Ли666 viperac@gmail.com 11
Не хватает операндов not enough values to unpack (expected 3, got 1) в строке 
Поле возраст НЕ является числом от 10 до 99 Джигурда cazcggmh@mail.ru 101
Поле возраст НЕ является числом от 10 до 99 Ольга vmtulqovl@ya.ru 100
Поле email НЕ содержит @ и .(точку) Ван llrvnboy 82
Поле имени содержит НЕ только буквы Бузова666 stwxu@ya.ru 82
Поле возраст НЕ является числом от 10 до 99 Джамшут osi@ya.ru 101
Поле email НЕ содержит @ и .(точку) Джигурда xkfigvam 51
Поле имени содержит НЕ только буквы Бузова666 rihao@mail.ru 91
Поле имени содержит НЕ только буквы Хенг666 fuznbykkpo@gmail.com 56
Поле имени содержит НЕ только буквы Артём42 eejjr@ya.ru 30
Поле возраст НЕ является числом от 10 до 99 Ли lbrlgdc@gmail.com 101
Не хватает операндов not enough values to unpack (expected 3, got 1) в строке acesfkx
Не хватает операндов not enough values to unpack (expected 3, got 2) в строке Ван ksjxcbk@gmail.com
Поле имени содержит НЕ только буквы Геннадий42 daflhhwdg@mail.ru 67
Не хватает операндов not enough values to unpack (expected 3, got 2) в строке Степан 37
Поле имени содержит НЕ только буквы Тролль42 kqgwru@ya.ru 37
Поле возраст НЕ является числом от 10 до 99 Геннадий ffr@ya.ru 7
Поле имени содержит НЕ только буквы Хенг666 lwiirkclhq@ya.ru 29
Поле email НЕ содержит @ и .(точку) Сянцзян hwxt.mail.ru 50
Поле возраст НЕ является числом от 10 до 99 Волочкова tdddmgika@ya.ru 9
Не хватает операндов not enough values to unpack (expected 3, got 1) в строке Хенг
Поле имени содержит НЕ только буквы Ли666 kphzoum@ya.ru 94
Поле email НЕ содержит @ и .(точку) Чонгкун ycggmccqfigvam 7
Поле имени содержит НЕ только буквы Ли42 wxexmgqlv@mail.ru 57
Поле возраст НЕ является числом от 10 до 99 Михаил smihac@ya.ru 9
Поле имени содержит НЕ только буквы Пенг42 jdknfivgid@ya.ru 24
Поле имени содержит НЕ только буквы Гнойный666 xjbx@gmail.com 78
Поле email НЕ содержит @ и .(точку) Джигурда zmjc 45
Не хватает операндов not enough values to unpack (expected 3, got 1) в строке Земфира
Не хватает операндов not enough values to unpack (expected 3, got 1) в строке 99
Поле возраст НЕ является числом от 10 до 99 Равшан yy@gmail.com 100
Поле email НЕ содержит @ и .(точку) Анна qppqjykge.mail.ru 56
Не хватает операндов not enough values to unpack (expected 3, got 1) в строке 
Поле возраст НЕ является числом от 10 до 99 Владимир xas@ya.ru 101
Поле возраст НЕ является числом от 10 до 99 Нагиев gtckxtsg@gmail.com 8
Поле email НЕ содержит @ и .(точку) Владимир ostm.ru 81
Не хватает операндов not enough values to unpack (expected 3, got 1) в строке Владимир
Не хватает операндов not enough values to unpack (expected 3, got 2) в строке Ольга 77
Не хватает операндов not enough values to unpack (expected 3, got 1) в строке hbqvvgvyv@gmail.com
Поле email НЕ содержит @ и .(точку) Степан jrahedkro.ru 100
Поле возраст НЕ является числом от 10 до 99 Анна frnm@ya.ru 9
Поле возраст НЕ является числом от 10 до 99 Ли rlobsdxnkm@ya.ru 101
Поле email НЕ содержит @ и .(точку) Бузова vvrznowi.ru 39
Поле email НЕ содержит @ и .(точку) Ли zocmhhldtxfigvam 33
Поле возраст НЕ является числом от 10 до 99 Дмитрий dpado@ya.ru 101
Поле имени содержит НЕ только буквы Сянцзян!!!!1 cqc@mail.ru 79
Не хватает операндов not enough values to unpack (expected 3, got 2) в строке Нагиев zobbamthn@ya.ru
Не хватает операндов not enough values to unpack (expected 3, got 2) в строке Артём pbxxpkp@mail.ru
Не хватает операндов not enough values to unpack (expected 3, got 2) в строке Ольга swxjl@ya.ru
Поле email НЕ содержит @ и .(точку) Михаил ogaptxrw 10
Поле email НЕ содержит @ и .(точку) Чехова ikkjvfigvam 83
Не хватает операндов not enough values to unpack (expected 3, got 1) в строке 54
Поле имени содержит НЕ только буквы Михаил666 mavzyuda@gmail.com 61
Поле email НЕ содержит @ и .(точку) Ольга 20 oja@ya.ru
Поле возраст НЕ является числом от 10 до 99 Сянцзян qvujdw@mail.ru 8
Не хватает операндов not enough values to unpack (expected 3, got 2) в строке Ли xinydgkyz
Поле имени содержит НЕ только буквы Дмитрий!!!!1 cfortxov@gmail.com 100
Поле возраст НЕ является числом от 10 до 99 Пенг sojqh@mail.ru 100
Не хватает операндов not enough values to unpack (expected 3, got 2) в строке Ли 73
Поле возраст НЕ является числом от 10 до 99 Муммий tdlgluv@mail.ru 8
Поле возраст НЕ является числом от 10 до 99 Пенг lm@ya.ru 100
Поле возраст НЕ является числом от 10 до 99 Пенг azomitvegl@mail.ru 101
Поле email НЕ содержит @ и .(точку) Пенг 41 hivhqztutj@ya.ru
Поле возраст НЕ является числом от 10 до 99 Геннадий ahmh@mail.ru 7
Поле email НЕ содержит @ и .(точку) Бузова khsfbnfigvam 10
Поле email НЕ содержит @ и .(точку) Мария xnzir.ru 17
Поле email НЕ содержит @ и .(точку) Ли qjpycs.mail.ru 54
Поле email НЕ содержит @ и .(точку) Пенг 12 epj@gmail.com
Поле email НЕ содержит @ и .(точку) Дмитрий ka 54
Поле возраст НЕ является числом от 10 до 99 Владимир uxo@mail.ru 8
Поле возраст НЕ является числом от 10 до 99 Ли mbshdfcuq@mail.ru 9
Поле email НЕ содержит @ и .(точку) Степан rcug.ru 85
Не хватает операндов not enough values to unpack (expected 3, got 1) в строке 
Поле имени содержит НЕ только буквы Пенг666 hsj@ya.ru 39
Поле имени содержит НЕ только буквы Равшан!!!!1 dvmncadh@ya.ru 50
Поле email НЕ содержит @ и .(точку) Дмитрий ud.mail.ru 17
Поле возраст НЕ является числом от 10 до 99 Владимир pjrehnjr@gmail.com 8
Поле email НЕ содержит @ и .(точку) Земфира qnrfigvam 38
Поле email НЕ содержит @ и .(точку) Артём eh.mail.ru 15
Не хватает операндов not enough values to unpack (expected 3, got 1) в строке jq@gmail.com
Поле возраст НЕ является числом от 10 до 99 Хенг hqg@ya.ru 7
Поле имени содержит НЕ только буквы Джамшут42 jfde@mail.ru 100
Поле возраст НЕ является числом от 10 до 99 Джамшут qsjdks@gmail.com 101
Поле имени содержит НЕ только буквы Равшан42 vcxkqxf@gmail.com 97
Поле возраст НЕ является числом от 10 до 99 Геннадий gzrcyd@ya.ru 9
Поле возраст НЕ является числом от 10 до 99 Степан pvte@mail.ru 101
Поле возраст НЕ является числом от 10 до 99 Ли kzyqcs@ya.ru 100
Поле email НЕ содержит @ и .(точку) Волочкова qsuopb 21
Не хватает операндов not enough values to unpack (expected 3, got 1) в строке fpntrectkj@gmail.com
Поле возраст НЕ является числом от 10 до 99 Ярослав rlfkb@mail.ru 9
Поле возраст НЕ является числом от 10 до 99 Равшан errdbsjifd@gmail.com 101
Поле email НЕ содержит @ и .(точку) Пенг jqynlmr.mail.ru 50
Не хватает операндов not enough values to unpack (expected 3, got 1) в строке 
Поле email НЕ содержит @ и .(точку) Ли rsfdutfigvam 23
Поле имени содержит НЕ только буквы Сянцзян42 njn@gmail.com 12
Поле возраст НЕ является числом от 10 до 99 Ярослав ureuoho@gmail.com 101
Поле возраст НЕ является числом от 10 до 99 Сянцзян vapnupu@ya.ru 100
Поле email НЕ содержит @ и .(точку) Владимир 26 tgovvpmv@ya.ru
Поле имени содержит НЕ только буквы Михаил42 yrzsids@gmail.com 87
Поле email НЕ содержит @ и .(точку) Чонгкун 22 uvb@mail.ru
Не хватает операндов not enough values to unpack (expected 3, got 1) в строке 
Поле возраст НЕ является числом от 10 до 99 Анна tgfxv@ya.ru 100
Поле email НЕ содержит @ и .(точку) Ольга 37 gq@mail.ru
Поле имени содержит НЕ только буквы Артём42 fczwr@gmail.com 48
Поле email НЕ содержит @ и .(точку) Нагиев 46 ptqls@ya.ru
Поле возраст НЕ является числом от 10 до 99 Джигурда ztummrmgo@mail.ru 7
Поле имени содержит НЕ только буквы Нагиев!!!!1 xwrvlg@ya.ru 78
Поле имени содержит НЕ только буквы Хенг!!!!1 cblioh@mail.ru 34
Не хватает операндов not enough values to unpack (expected 3, got 1) в строке 47
Поле имени содержит НЕ только буквы Анна666 fsfop@mail.ru 58
Поле имени содержит НЕ только буквы Джигурда!!!!1 isgmd@gmail.com 99
Не хватает операндов not enough values to unpack (expected 3, got 1) в строке Чехова
Поле возраст НЕ является числом от 10 до 99 Тролль spdkqaktn@ya.ru 9
Поле email НЕ содержит @ и .(точку) Джигурда ebjnx.mail.ru 97
Поле email НЕ содержит @ и .(точку) Муммий sc.mail.ru 64
Поле возраст НЕ является числом от 10 до 99 Ярослав xpkehoe@gmail.com 8
Поле возраст НЕ является числом от 10 до 99 Ольга xwyvp@ya.ru 8
Поле email НЕ содержит @ и .(точку) Дмитрий tvnzagduh.mail.ru 55
Поле возраст НЕ является числом от 10 до 99 Степан gd@ya.ru 9
Поле имени содержит НЕ только буквы Пенг42 wouu@ya.ru 31
Не хватает операндов not enough values to unpack (expected 3, got 2) в строке Джамшут 31
Поле email НЕ содержит @ и .(точку) Хенг 58 ebsip@gmail.com
Поле имени содержит НЕ только буквы Волочкова666 iooulyqpni@mail.ru 42
Поле возраст НЕ является числом от 10 до 99 Гнойный kesd@mail.ru 100
Поле email НЕ содержит @ и .(точку) Тролль jw.mail.ru 35
Поле email НЕ содержит @ и .(точку) Равшан rus.mail.ru 81
Поле возраст НЕ является числом от 10 до 99 Равшан ubznniijoz@gmail.com 8
Поле возраст НЕ является числом от 10 до 99 Анна obdw@mail.ru 100
Поле email НЕ содержит @ и .(точку) Ли 12 lpe@gmail.com
Поле email НЕ содержит @ и .(точку) Анна mgcapwtfkp.ru 99
Поле email НЕ содержит @ и .(точку) Ярослав ctfsib.mail.ru 60
Поле email НЕ содержит @ и .(точку) Ольга 44 rwrakjr@gmail.com
Поле возраст НЕ является числом от 10 до 99 Тролль hgtc@gmail.com 101
Поле возраст НЕ является числом от 10 до 99 Артём afbd@mail.ru 101
Не хватает операндов not enough values to unpack (expected 3, got 1) в строке Муммий
Поле имени содержит НЕ только буквы Геннадий666 fkz@mail.ru 7
Не хватает операндов not enough values to unpack (expected 3, got 1) в строке 
Поле имени содержит НЕ только буквы Земфира42 ydcmpreuzy@ya.ru 55
Поле возраст НЕ является числом от 10 до 99 Степан byjxrtlc@gmail.com 9
Поле имени содержит НЕ только буквы Нагиев!!!!1 knxrnmi@ya.ru 18
Поле имени содержит НЕ только буквы Сянцзян42 xz@ya.ru 18
Поле email НЕ содержит @ и .(точку) Анна wsd.ru 86
Поле возраст НЕ является числом от 10 до 99 Мария qact@mail.ru 9
Поле возраст НЕ является числом от 10 до 99 Михаил jpcoyszthd@mail.ru 9
Поле возраст НЕ является числом от 10 до 99 Геннадий fhi@ya.ru 101
Поле возраст НЕ является числом от 10 до 99 Ван zqtcknx@gmail.com 101
Поле имени содержит НЕ только буквы Чехова42 owfqdurm@gmail.com 54
Поле возраст НЕ является числом от 10 до 99 Дмитрий jh@ya.ru 7
Не хватает операндов not enough values to unpack (expected 3, got 1) в строке 
Поле имени содержит НЕ только буквы Анна666 zlofysrqh@gmail.com 88
Поле имени содержит НЕ только буквы Земфира666 ckgpqmeryl@gmail.com 67
Поле email НЕ содержит @ и .(точку) Геннадий 22 anqexnqa@ya.ru
Поле имени содержит НЕ только буквы Владимир666 mgb@ya.ru 59
Поле email НЕ содержит @ и .(точку) Нагиев lntfigvam 101
Поле возраст НЕ является числом от 10 до 99 Джигурда uaz@gmail.com 8
Поле возраст НЕ является числом от 10 до 99 Анна pqhgfwigty@mail.ru 7
Поле возраст НЕ является числом от 10 до 99 Джигурда fs@ya.ru 101
Поле возраст НЕ является числом от 10 до 99 Ли mfxvkzt@ya.ru 8
Поле email НЕ содержит @ и .(точку) Ольга hmmrfigvam 88
Поле возраст НЕ является числом от 10 до 99 Анна qqsjrtws@mail.ru 100
Поле имени содержит НЕ только буквы Нагиев42 lfsisf@ya.ru 36
Поле возраст НЕ является числом от 10 до 99 Ли pfcr@ya.ru 101
Поле возраст НЕ является числом от 10 до 99 Ярослав pmibrp@ya.ru 101
Поле имени содержит НЕ только буквы Дмитрий!!!!1 mtn@gmail.com 53
Поле возраст НЕ является числом от 10 до 99 Тролль hzpxkklxaa@ya.ru 101
Поле email НЕ содержит @ и .(точку) Степан zkmyq.ru 55
Поле email НЕ содержит @ и .(точку) Пенг hvi.mail.ru 80
Поле возраст НЕ является числом от 10 до 99 Ван wreyyazwj@ya.ru 101
Не хватает операндов not enough values to unpack (expected 3, got 2) в строке Сянцзян 101
Поле email НЕ содержит @ и .(точку) Муммий zoxml 68
Поле возраст НЕ является числом от 10 до 99 Ван ysnemx@gmail.com 7
Поле email НЕ содержит @ и .(точку) Чехова blwlpw 73
Поле возраст НЕ является числом от 10 до 99 Дмитрий ddfljsbst@gmail.com 9
Поле возраст НЕ является числом от 10 до 99 Артём affbrmzi@mail.ru 8
Поле имени содержит НЕ только буквы Хенг!!!!1 ploqax@mail.ru 90
Поле email НЕ содержит @ и .(точку) Яочуан sxso.mail.ru 36
Не хватает операндов not enough values to unpack (expected 3, got 2) в строке 10 kfkzlg@mail.ru
Поле возраст НЕ является числом от 10 до 99 Владимир gfltut@gmail.com 8
Поле email НЕ содержит @ и .(точку) Ярослав qvbiichydh 27
Поле возраст НЕ является числом от 10 до 99 Пенг vvzxlrgg@ya.ru 100
Поле возраст НЕ является числом от 10 до 99 Владимир naciwer@gmail.com 8
Поле возраст НЕ является числом от 10 до 99 Земфира kebiiemny@ya.ru 101
Поле возраст НЕ является числом от 10 до 99 Ван bptghqopkc@gmail.com 101
Поле email НЕ содержит @ и .(точку) Чонгкун ipatelmf.mail.ru 56
Поле email НЕ содержит @ и .(точку) Владимир kpiefigvam 18
Поле email НЕ содержит @ и .(точку) Ярослав qglqvcgo 43
Не хватает операндов not enough values to unpack (expected 3, got 1) в строке 
Поле имени содержит НЕ только буквы Нагиев666 ykj@gmail.com 18
Поле email НЕ содержит @ и .(точку) Бузова 21 yixcbjtl@ya.ru
Поле имени содержит НЕ только буквы Джигурда42 hwf@mail.ru 85
Поле имени содержит НЕ только буквы Ольга666 yiykos@mail.ru 23
Поле email НЕ содержит @ и .(точку) Михаил nelrttdj.mail.ru 60
Поле имени содержит НЕ только буквы Тролль42 kakcexaoto.ru 98
Поле имени содержит НЕ только буквы Дмитрий42 oghektepxm@ya.ru 51
Поле возраст НЕ является числом от 10 до 99 Волочкова erem@ya.ru 101
Поле email НЕ содержит @ и .(точку) Бузова ch.ru 91
Поле возраст НЕ является числом от 10 до 99 Ван pvexq@ya.ru 101
Поле имени содержит НЕ только буквы Джамшут666 mhun@ya.ru 83
Поле email НЕ содержит @ и .(точку) Дмитрий xokee.ru 81
Не хватает операндов not enough values to unpack (expected 3, got 2) в строке Степан 9
Поле email НЕ содержит @ и .(точку) Ли bezqlfbr.ru 75
Поле email НЕ содержит @ и .(точку) Сянцзян kemwofigvam 80
Поле возраст НЕ является числом от 10 до 99 Равшан rrm@ya.ru 101
Поле имени содержит НЕ только буквы Гнойный666 ckxy@mail.ru 98
Поле email НЕ содержит @ и .(точку) Земфира sehaa.ru 23
Поле возраст НЕ является числом от 10 до 99 Ли alravwh@gmail.com 8
Не хватает операндов not enough values to unpack (expected 3, got 2) в строке Пенг 49
Поле возраст НЕ является числом от 10 до 99 Степан mijnf@gmail.com 9
Поле email НЕ содержит @ и .(точку) Хенг aenvwiibzv.ru 85
Не хватает операндов not enough values to unpack (expected 3, got 1) в строке 
Поле имени содержит НЕ только буквы Михаил666 tlgrqqw@ya.ru 51
Поле email НЕ содержит @ и .(точку) Ли 30 shgijkhj@ya.ru
Поле email НЕ содержит @ и .(точку) Артём jqvuaztxdufigvam 41
Поле email НЕ содержит @ и .(точку) Земфира ulgmosl.ru 77
Не хватает операндов not enough values to unpack (expected 3, got 1) в строке Яочуан
Поле email НЕ содержит @ и .(точку) Дмитрий qxkuijl 73
Поле имени содержит НЕ только буквы Тролль!!!!1 zylxlgct@gmail.com 17
Не хватает операндов not enough values to unpack (expected 3, got 1) в строке lpr@gmail.com
Поле возраст НЕ является числом от 10 до 99 Пенг hwgiiv@gmail.com 9
Поле имени содержит НЕ только буквы Муммий42 jhvwrdquj@gmail.com 60
Поле возраст НЕ является числом от 10 до 99 Джигурда ohjtabz@ya.ru 8
Поле имени содержит НЕ только буквы Ван666 ggdwflel@mail.ru 74
Поле email НЕ содержит @ и .(точку) Джамшут iwrrct.mail.ru 30
Не хватает операндов not enough values to unpack (expected 3, got 2) в строке Равшан mnyqvc@ya.ru
Поле email НЕ содержит @ и .(точку) Равшан bui 81
Не хватает операндов not enough values to unpack (expected 3, got 1) в строке Ван
Поле имени содержит НЕ только буквы Чехова42 mf@ya.ru 64
Не хватает операндов not enough values to unpack (expected 3, got 1) в строке Михаил
Поле возраст НЕ является числом от 10 до 99 Мария jg@mail.ru 7
Поле возраст НЕ является числом от 10 до 99 Пенг wmdcuhomzg@gmail.com 7
Поле email НЕ содержит @ и .(точку) Земфира woibrze.ru 27
Поле возраст НЕ является числом от 10 до 99 Ольга kdxkedpoql@mail.ru 7
Поле имени содержит НЕ только буквы Артём!!!!1 qinssdk@ya.ru 32
Поле возраст НЕ является числом от 10 до 99 Земфира kkroewjxde@ya.ru 100
Поле возраст НЕ является числом от 10 до 99 Чехова wtgyeyaoby@gmail.com 7
Поле возраст НЕ является числом от 10 до 99 Михаил ymmoepdgd@ya.ru 7
Поле email НЕ содержит @ и .(точку) Дмитрий 53 js@mail.ru
Не хватает операндов not enough values to unpack (expected 3, got 1) в строке 
Поле возраст НЕ является числом от 10 до 99 Михаил bcjpxcnlo@gmail.com 8
Поле имени содержит НЕ только буквы Муммий!!!!1 hjithai@gmail.com 67
Поле email НЕ содержит @ и .(точку) Мария 69 ombx@ya.ru
Поле email НЕ содержит @ и .(точку) Джамшут njxvd.mail.ru 31
Поле возраст НЕ является числом от 10 до 99 Земфира wamfb@gmail.com 7
Поле email НЕ содержит @ и .(точку) Дмитрий mnfyuda 63
Поле имени содержит НЕ только буквы Ли42 luyqxgeegp@gmail.com 88
Поле имени содержит НЕ только буквы Джамшут42 ktkajqsi@ya.ru 15
Поле email НЕ содержит @ и .(точку) Чонгкун 43 joakkqrec@gmail.com
Поле имени содержит НЕ только буквы Равшан42 hp@mail.ru 87
Поле возраст НЕ является числом от 10 до 99 Волочкова nn@ya.ru 101
Не хватает операндов not enough values to unpack (expected 3, got 2) в строке 14 ooxxpscf@mail.ru
Поле возраст НЕ является числом от 10 до 99 Тролль ohnf@ya.ru 101
Не хватает операндов not enough values to unpack (expected 3, got 2) в строке Владимир pxlqrob@ya.ru
Поле возраст НЕ является числом от 10 до 99 Мария edzii@ya.ru 100
Не хватает операндов not enough values to unpack (expected 3, got 2) в строке Земфира bj@ya.ru
Не хватает операндов not enough values to unpack (expected 3, got 2) в строке Дмитрий 58
Не хватает операндов not enough values to unpack (expected 3, got 1) в строке 
Поле email НЕ содержит @ и .(точку) Джамшут um.ru 43
Поле email НЕ содержит @ и .(точку) Степан salgh.mail.ru 42
Поле имени содержит НЕ только буквы Ли666 qrjdpmy@mail.ru 96
Поле имени содержит НЕ только буквы Степан666 jvxqidcl@gmail.com 31
Поле возраст НЕ является числом от 10 до 99 Чонгкун ajwdvtf@mail.ru 7
Поле возраст НЕ является числом от 10 до 99 Ван ssrypdn@ya.ru 101
Поле возраст НЕ является числом от 10 до 99 Бузова bm@gmail.com 100
Поле возраст НЕ является числом от 10 до 99 Чехова goic@mail.ru 101
Поле имени содержит НЕ только буквы Яочуан666 dbgbcbq@gmail.com 67
Поле имени содержит НЕ только буквы Чонгкун!!!!1 qembh@ya.ru 91
Поле возраст НЕ является числом от 10 до 99 Равшан tmybye@gmail.com 100
Не хватает операндов not enough values to unpack (expected 3, got 2) в строке 21 ojuqqls@mail.ru
Не хватает операндов not enough values to unpack (expected 3, got 1) в строке 
Поле возраст НЕ является числом от 10 до 99 Джигурда hqjpqiuh@gmail.com 7
Поле возраст НЕ является числом от 10 до 99 Яочуан ypujo@mail.ru 9
Поле имени содержит НЕ только буквы Волочкова!!!!1 ln@ya.ru 66
Поле email НЕ содержит @ и .(точку) Артём 64 pmcjigwzx@ya.ru
Поле возраст НЕ является числом от 10 до 99 Геннадий wskie@gmail.com 8
Поле email НЕ содержит @ и .(точку) Муммий nmwfzhopkrfigvam 34
Поле имени содержит НЕ только буквы Пенг42 dqcph@mail.ru 37
Не хватает операндов not enough values to unpack (expected 3, got 1) в строке 
Не хватает операндов not enough values to unpack (expected 3, got 1) в строке 91
Поле email НЕ содержит @ и .(точку) Ли qldvqkhmd.mail.ru 20
Поле email НЕ содержит @ и .(точку) Геннадий 57 qha@ya.ru
Поле имени содержит НЕ только буквы Волочкова42 cal@ya.ru 95
Не хватает операндов not enough values to unpack (expected 3, got 2) в строке 40 utgz@ya.ru
Поле имени содержит НЕ только буквы Сянцзян42 te@gmail.com 93
Поле имени содержит НЕ только буквы Муммий42 fhtyashoe@ya.ru 93
Не хватает операндов not enough values to unpack (expected 3, got 1) в строке 
Поле email НЕ содержит @ и .(точку) Джигурда 79 lsifigvam
Поле возраст НЕ является числом от 10 до 99 Геннадий zoonmmm@ya.ru 101
Поле возраст НЕ является числом от 10 до 99 Анна rpumuguesa@mail.ru 101
Поле имени содержит НЕ только буквы Мария!!!!1 gqxmebqau@mail.ru 50
Поле возраст НЕ является числом от 10 до 99 Земфира pntiproy@gmail.com 7
Поле возраст НЕ является числом от 10 до 99 Джамшут ubbcxo@mail.ru 7
Поле возраст НЕ является числом от 10 до 99 Земфира timjdfxxb@mail.ru 100
Поле имени содержит НЕ только буквы Ван42 tf@mail.ru 52
Не хватает операндов not enough values to unpack (expected 3, got 1) в строке qxibm@gmail.com
Не хватает операндов not enough values to unpack (expected 3, got 1) в строке 
Поле email НЕ содержит @ и .(точку) Нагиев rzn.mail.ru 78
Поле имени содержит НЕ только буквы Дмитрий!!!!1 dbow@gmail.com 70
Поле возраст НЕ является числом от 10 до 99 Дмитрий unkl@mail.ru 100
Поле email НЕ содержит @ и .(точку) Джамшут 51 maoqhoiq@mail.ru
Поле возраст НЕ является числом от 10 до 99 Муммий tmwj@gmail.com 7
Поле email НЕ содержит @ и .(точку) Муммий oxtxopwnrjfigvam 18
Поле имени содержит НЕ только буквы Нагиев42 lrapsu@gmail.com 35
Поле возраст НЕ является числом от 10 до 99 Сянцзян fem@mail.ru 7
Поле имени содержит НЕ только буквы Ли42 rrqqqij@mail.ru 70
Поле возраст НЕ является числом от 10 до 99 Дмитрий mvqwrord@gmail.com 7
Поле email НЕ содержит @ и .(точку) Артём 43 dnp@ya.ru
Поле возраст НЕ является числом от 10 до 99 Хенг aw@gmail.com 9
Поле возраст НЕ является числом от 10 до 99 Ярослав ueww@mail.ru 100
Поле возраст НЕ является числом от 10 до 99 Ярослав vytzy@gmail.com 101
Не хватает операндов not enough values to unpack (expected 3, got 1) в строке 
Не хватает операндов not enough values to unpack (expected 3, got 1) в строке 
Не хватает операндов not enough values to unpack (expected 3, got 1) в строке 
Поле email НЕ содержит @ и .(точку) Владимир 28 an@mail.ru
Поле email НЕ содержит @ и .(точку) Ольга ehgpnaeu.ru 12
Поле возраст НЕ является числом от 10 до 99 Гнойный yfucubanov@ya.ru 101
Поле имени содержит НЕ только буквы Бузова666 puhl@mail.ru 66
Поле возраст НЕ является числом от 10 до 99 Владимир pazefbeg@mail.ru 8
Поле возраст НЕ является числом от 10 до 99 Мария ihvi@mail.ru 8
Поле возраст НЕ является числом от 10 до 99 Степан ayrjjzed@mail.ru 100
Не хватает операндов not enough values to unpack (expected 3, got 1) в строке 45
Поле возраст НЕ является числом от 10 до 99 Чехова rvrscke@gmail.com 101
Не хватает операндов not enough values to unpack (expected 3, got 2) в строке 79 uybshtbgyy@gmail.com
Не хватает операндов not enough values to unpack (expected 3, got 2) в строке Михаил 44
Поле имени содержит НЕ только буквы Муммий42 pawd@mail.ru 74
Поле возраст НЕ является числом от 10 до 99 Ли vf@ya.ru 101
Не хватает операндов not enough values to unpack (expected 3, got 1) в строке 
Поле возраст НЕ является числом от 10 до 99 Владимир vbvzuilfiw@mail.ru 8
Поле email НЕ содержит @ и .(точку) Сянцзян goki.mail.ru 58
Не хватает операндов not enough values to unpack (expected 3, got 1) в строке 25
Поле имени содержит НЕ только буквы Ярослав666 fuxp@gmail.com 12
Поле email НЕ содержит @ и .(точку) Гнойный sb.mail.ru 51
Поле email НЕ содержит @ и .(точку) Равшан qfkqfigvam 82
Поле имени содержит НЕ только буквы Мария666 st@mail.ru 91
Поле email НЕ содержит @ и .(точку) Михаил 40 aymkhugwng@mail.ru
Не хватает операндов not enough values to unpack (expected 3, got 1) в строке sigaezard@gmail.com
Поле email НЕ содержит @ и .(точку) Муммий 25 xmxdjgk@gmail.com
Поле имени содержит НЕ только буквы Муммий!!!!1 wjplpskc@mail.ru 14
Поле email НЕ содержит @ и .(точку) Ван hhotqhxwx.ru 82
Не хватает операндов not enough values to unpack (expected 3, got 1) в строке 
Поле email НЕ содержит @ и .(точку) Артём ueebpkyfigvam 80
Поле возраст НЕ является числом от 10 до 99 Земфира gwihlyfy@gmail.com 101
Не хватает операндов not enough values to unpack (expected 3, got 1) в строке 
Поле возраст НЕ является числом от 10 до 99 Яочуан hilxryf@gmail.com 101
Поле email НЕ содержит @ и .(точку) Хенг opcaffkfigvam 38
Поле имени содержит НЕ только буквы Чонгкун42 furhqlmdf@mail.ru 31
Поле возраст НЕ является числом от 10 до 99 Сянцзян qdvz@gmail.com 8
Поле имени содержит НЕ только буквы Степан!!!!1 vuieqxn@mail.ru 79
Поле email НЕ содержит @ и .(точку) Муммий cdssxrpfigvam 26
Поле имени содержит НЕ только буквы Пенг!!!!1 jsatsc@mail.ru 70
Поле email НЕ содержит @ и .(точку) Тролль tqqr 55
Поле возраст НЕ является числом от 10 до 99 Пенг fdlpdijbwn@ya.ru 100
Поле имени содержит НЕ только буквы Владимир42 pc@ya.ru 68
Не хватает операндов not enough values to unpack (expected 3, got 1) в строке 
Поле возраст НЕ является числом от 10 до 99 Артём bphgql@ya.ru 9
Поле возраст НЕ является числом от 10 до 99 Артём cnbkekcprn@gmail.com 101
Поле email НЕ содержит @ и .(точку) Анна nfurnoe.ru 60
Поле имени содержит НЕ только буквы Дмитрий666 ktflybe@gmail.com 28
Поле имени содержит НЕ только буквы Земфира!!!!1 bb@mail.ru 13
Поле имени содержит НЕ только буквы Ольга!!!!1 estofkaeg@gmail.com 93
Поле возраст НЕ является числом от 10 до 99 Земфира knzuvzxjbz@mail.ru 9
Не хватает операндов not enough values to unpack (expected 3, got 2) в строке Гнойный 79
Поле возраст НЕ является числом от 10 до 99 Ли unubujw@ya.ru 9
Не хватает операндов not enough values to unpack (expected 3, got 1) в строке 
Поле email НЕ содержит @ и .(точку) Чонгкун crr.mail.ru 15
Не хватает операндов not enough values to unpack (expected 3, got 2) в строке 65 ms@ya.ru
Поле возраст НЕ является числом от 10 до 99 Тролль knnuahehn@mail.ru 7
Поле имени содержит НЕ только буквы Яочуан42 fwu@gmail.com 80
Поле имени содержит НЕ только буквы Ольга666 afxahwgcma@ya.ru 98
Поле возраст НЕ является числом от 10 до 99 Джамшут ocvignginp@mail.ru 100
Поле email НЕ содержит @ и .(точку) Яочуан wieyfigvam 64
Поле email НЕ содержит @ и .(точку) Михаил vtdupl.mail.ru 80
Поле имени содержит НЕ только буквы Ван!!!!1 sqceyont@ya.ru 24
Поле email НЕ содержит @ и .(точку) Волочкова mt.ru 91
Поле возраст НЕ является числом от 10 до 99 Сянцзян khvkdpeo@mail.ru 9
Не хватает операндов not enough values to unpack (expected 3, got 1) в строке 
Поле имени содержит НЕ только буквы Сянцзян666 fycwqkqdmu@gmail.com 74
Поле email НЕ содержит @ и .(точку) Геннадий tylyk.ru 101
Поле имени содержит НЕ только буквы Нагиев666 vguk@ya.ru 42
Поле возраст НЕ является числом от 10 до 99 Анна hgedd@ya.ru 101
Не хватает операндов not enough values to unpack (expected 3, got 2) в строке Бузова 61
Поле возраст НЕ является числом от 10 до 99 Ван ascadyoz@gmail.com 101
Поле email НЕ содержит @ и .(точку) Нагиев kgfa 98
Поле имени содержит НЕ только буквы Земфира666 imgbvdy@mail.ru 82
Не хватает операндов not enough values to unpack (expected 3, got 2) в строке 31 vx@gmail.com
Поле возраст НЕ является числом от 10 до 99 Тролль yqspypob@gmail.com 9
Не хватает операндов not enough values to unpack (expected 3, got 1) в строке 
Поле имени содержит НЕ только буквы Анна42 hyrlnugixsfigvam 42
Не хватает операндов not enough values to unpack (expected 3, got 1) в строке Ольга
Поле имени содержит НЕ только буквы Геннадий666 hlfrxbq@ya.ru 38
Поле email НЕ содержит @ и .(точку) Ван xyuqco.ru 46
Поле имени содержит НЕ только буквы Степан!!!!1 haudkniw@ya.ru 97
Поле возраст НЕ является числом от 10 до 99 Дмитрий rkycgpt@mail.ru 100
Поле имени содержит НЕ только буквы Пенг666 lcxemzac@gmail.com 28
Поле имени содержит НЕ только буквы Ли!!!!1 izok@mail.ru 78
Поле имени содержит НЕ только буквы Михаил666 ci@mail.ru 28
Поле имени содержит НЕ только буквы Бузова42 utzeyox@gmail.com 49
Поле email НЕ содержит @ и .(точку) Степан jbsdgyoz.mail.ru 80
Поле имени содержит НЕ только буквы Яочуан666 pstkv@gmail.com 74
Не хватает операндов not enough values to unpack (expected 3, got 1) в строке 
Не хватает операндов not enough values to unpack (expected 3, got 1) в строке 59
Не хватает операндов not enough values to unpack (expected 3, got 2) в строке 19 mwsfzxffo@mail.ru
Поле возраст НЕ является числом от 10 до 99 Геннадий lgquvjrajh@mail.ru 9
Поле возраст НЕ является числом от 10 до 99 Ли fjg@gmail.com 9
Поле возраст НЕ является числом от 10 до 99 Тролль zbma@ya.ru 9
Не хватает операндов not enough values to unpack (expected 3, got 1) в строке 101
Поле email НЕ содержит @ и .(точку) Геннадий eqnfdntfigvam 17
Поле имени содержит НЕ только буквы Муммий!!!!1 maybgyk@ya.ru 29
Поле возраст НЕ является числом от 10 до 99 Гнойный atnzrka@gmail.com 9
Поле имени содержит НЕ только буквы Пенг666 ct@gmail.com 15
Поле возраст НЕ является числом от 10 до 99 Ярослав vaftsheeit@ya.ru 100
Поле имени содержит НЕ только буквы Тролль!!!!1 hwvpj@gmail.com 101
Поле имени содержит НЕ только буквы Мария!!!!1 xoaedtfw@gmail.com 58
Поле возраст НЕ является числом от 10 до 99 Степан np@ya.ru 8
Поле email НЕ содержит @ и .(точку) Пенг dqlvzgzxu 50
Поле возраст НЕ является числом от 10 до 99 Муммий zu@ya.ru 8
Поле email НЕ содержит @ и .(точку) Хенг salvyr 44
Не хватает операндов not enough values to unpack (expected 3, got 2) в строке Земфира gidfsotke@mail.ru
Поле возраст НЕ является числом от 10 до 99 Владимир qzf@mail.ru 101
Поле возраст НЕ является числом от 10 до 99 Ли hovojhicdh@gmail.com 9
Поле email НЕ содержит @ и .(точку) Чехова icfigvam 36
Поле возраст НЕ является числом от 10 до 99 Дмитрий worhalkv@ya.ru 8
Поле возраст НЕ является числом от 10 до 99 Джамшут toycr@gmail.com 100
Поле возраст НЕ является числом от 10 до 99 Волочкова bhihrlbxu@ya.ru 101
Поле имени содержит НЕ только буквы Ольга42 jlp@gmail.com 51
Поле email НЕ содержит @ и .(точку) Степан zjmjfigvam 64
Поле email НЕ содержит @ и .(точку) Ли 63 ijy@mail.ru
Поле имени содержит НЕ только буквы Бузова42 ektbpz@gmail.com 26
Поле email НЕ содержит @ и .(точку) Ли db.mail.ru 94
Поле email НЕ содержит @ и .(точку) Тролль 57 xvl@mail.ru
Поле возраст НЕ является числом от 10 до 99 Равшан sqbfbr@ya.ru 8
Поле имени содержит НЕ только буквы Сянцзян666 eg@gmail.com 19
Не хватает операндов not enough values to unpack (expected 3, got 1) в строке 
Поле email НЕ содержит @ и .(точку) Джигурда ti 9
Поле возраст НЕ является числом от 10 до 99 Чехова trzmfalpx@ya.ru 9
Поле имени содержит НЕ только буквы Яочуан42 ytxttprtyu@mail.ru 84
Поле email НЕ содержит @ и .(точку) Ольга mpmj.ru 72
Поле email НЕ содержит @ и .(точку) Ольга vwujloyv 99
Поле email НЕ содержит @ и .(точку) Хенг thus.ru 82
Поле возраст НЕ является числом от 10 до 99 Ван ewqk@mail.ru 9
Поле email НЕ содержит @ и .(точку) Волочкова wkaizmvrir.mail.ru 88
Поле email НЕ содержит @ и .(точку) Нагиев 43 iiodjj@gmail.com
Не хватает операндов not enough values to unpack (expected 3, got 1) в строке 86
Поле возраст НЕ является числом от 10 до 99 Ольга inblsue@mail.ru 7
Не хватает операндов not enough values to unpack (expected 3, got 1) в строке 27
Поле имени содержит НЕ только буквы Ван42 tycx@gmail.com 81
Поле возраст НЕ является числом от 10 до 99 Равшан szippc@mail.ru 101
Не хватает операндов not enough values to unpack (expected 3, got 1) в строке 
Поле имени содержит НЕ только буквы Михаил666 gsgzqswkp@ya.ru 60
Поле email НЕ содержит @ и .(точку) Чехова kykhha.mail.ru 15
Поле email НЕ содержит @ и .(точку) Степан pulcbsxuf 21
Поле имени содержит НЕ только буквы Геннадий!!!!1 ulffna@gmail.com 74
Поле имени содержит НЕ только буквы Артём!!!!1 neuxmabtmm@mail.ru 94
Поле возраст НЕ является числом от 10 до 99 Гнойный xzddpgpg@ya.ru 100
Не хватает операндов not enough values to unpack (expected 3, got 1) в строке 
Поле возраст НЕ является числом от 10 до 99 Волочкова faagm@ya.ru 101
Поле возраст НЕ является числом от 10 до 99 Дмитрий db@gmail.com 100
Поле возраст НЕ является числом от 10 до 99 Геннадий elppvyupu@mail.ru 8
Поле email НЕ содержит @ и .(точку) Анна qywvsdmp.mail.ru 90
Не хватает операндов not enough values to unpack (expected 3, got 2) в строке 34 myr@mail.ru
Поле email НЕ содержит @ и .(точку) Равшан tskxkp.ru 45
Поле имени содержит НЕ только буквы Геннадий!!!!1 spgooa@ya.ru 82
Поле возраст НЕ является числом от 10 до 99 Яочуан wlstx@gmail.com 100
Поле возраст НЕ является числом от 10 до 99 Ольга orxjlqh@gmail.com 100
Поле имени содержит НЕ только буквы Яочуан666 mce@mail.ru 25
Поле email НЕ содержит @ и .(точку) Сянцзян 97 vx@gmail.com
Поле возраст НЕ является числом от 10 до 99 Ольга bfym@ya.ru 100
Не хватает операндов not enough values to unpack (expected 3, got 1) в строке 45
Не хватает операндов not enough values to unpack (expected 3, got 1) в строке 
Поле email НЕ содержит @ и .(точку) Владимир kwlrgcw.ru 22
Поле возраст НЕ является числом от 10 до 99 Ярослав irdmrg@mail.ru 9
Поле email НЕ содержит @ и .(точку) Ольга msx.mail.ru 68
Поле возраст НЕ является числом от 10 до 99 Чехова gwytfo@ya.ru 8
Поле email НЕ содержит @ и .(точку) Михаил aattyffigvam 34
Поле email НЕ содержит @ и .(точку) Тролль qcwjvtn 26
Не хватает операндов not enough values to unpack (expected 3, got 1) в строке Джигурда
Не хватает операндов not enough values to unpack (expected 3, got 1) в строке 
Поле возраст НЕ является числом от 10 до 99 Ли beolypulk@mail.ru 100
Поле возраст НЕ является числом от 10 до 99 Владимир iyxmijs@ya.ru 101
Поле email НЕ содержит @ и .(точку) Чехова uyygothzpe.mail.ru 54
Поле возраст НЕ является числом от 10 до 99 Нагиев jutgyl@mail.ru 8
Поле имени содержит НЕ только буквы Джигурда42 mbosuaobcn@ya.ru 33
Поле возраст НЕ является числом от 10 до 99 Пенг pnsxg@ya.ru 9
Поле email НЕ содержит @ и .(точку) Артём jipixe.ru 19
Поле имени содержит НЕ только буквы Владимир42 pwfwj@ya.ru 21
Поле email НЕ содержит @ и .(точку) Ли cvhczo 33
Поле email НЕ содержит @ и .(точку) Мария efbu 77
Поле email НЕ содержит @ и .(точку) Ли svaqehfigvam 77
Поле имени содержит НЕ только буквы Чонгкун!!!!1 gffm@gmail.com 20
Не хватает операндов not enough values to unpack (expected 3, got 1) в строке 
Поле email НЕ содержит @ и .(точку) Равшан bseowqfigvam 42
Поле имени содержит НЕ только буквы Джигурда42 tznepble@ya.ru 75
Поле email НЕ содержит @ и .(точку) Яочуан ehvolflg.mail.ru 40
Поле возраст НЕ является числом от 10 до 99 Джамшут wevesdrh@mail.ru 8
Поле возраст НЕ является числом от 10 до 99 Муммий yklu@gmail.com 7
Поле возраст НЕ является числом от 10 до 99 Тролль pwtadxo@gmail.com 8
Поле email НЕ содержит @ и .(точку) Гнойный 62 qeqd@ya.ru
Поле имени содержит НЕ только буквы Муммий!!!!1 wqxwzop@ya.ru 61
Не хватает операндов not enough values to unpack (expected 3, got 1) в строке Нагиев
Поле email НЕ содержит @ и .(точку) Сянцзян ko.mail.ru 43
Поле возраст НЕ является числом от 10 до 99 Яочуан raw@mail.ru 9
Поле возраст НЕ является числом от 10 до 99 Чехова eydej@ya.ru 101
Поле email НЕ содержит @ и .(точку) Джамшут eayzodx 52
Поле возраст НЕ является числом от 10 до 99 Ольга wgwuu@ya.ru 101
Поле возраст НЕ является числом от 10 до 99 Геннадий djudzltj@mail.ru 101
Не хватает операндов not enough values to unpack (expected 3, got 1) в строке Джигурда
Поле возраст НЕ является числом от 10 до 99 Степан yejzxyf@mail.ru 9
Не хватает операндов not enough values to unpack (expected 3, got 1) в строке 
Не хватает операндов not enough values to unpack (expected 3, got 2) в строке Волочкова 93
Поле email НЕ содержит @ и .(точку) Пенг qruwcczp.ru 101
Поле имени содержит НЕ только буквы Гнойный42 slmdj@gmail.com 28
Поле имени содержит НЕ только буквы Ольга!!!!1 yaipm@gmail.com 83
Поле возраст НЕ является числом от 10 до 99 Сянцзян pliohfbecr@mail.ru 9
Поле возраст НЕ является числом от 10 до 99 Сянцзян lnlscrhjpe@gmail.com 101
Поле email НЕ содержит @ и .(точку) Михаил jkdtdcgop.ru 26
Не хватает операндов not enough values to unpack (expected 3, got 1) в строке 
Поле возраст НЕ является числом от 10 до 99 Нагиев fhxpea@gmail.com 101
Не хватает операндов not enough values to unpack (expected 3, got 1) в строке 
Поле возраст НЕ является числом от 10 до 99 Сянцзян qadxbr@gmail.com 9
Поле возраст НЕ является числом от 10 до 99 Муммий iqi@ya.ru 100
Поле возраст НЕ является числом от 10 до 99 Ольга ie@mail.ru 9
Поле email НЕ содержит @ и .(точку) Ярослав qngrtongs.mail.ru 27
Не хватает операндов not enough values to unpack (expected 3, got 1) в строке 
Поле email НЕ содержит @ и .(точку) Мария dnm 42
Поле email НЕ содержит @ и .(точку) Бузова pzxqirnp.mail.ru 97
Поле возраст НЕ является числом от 10 до 99 Ли fkp@mail.ru 8
Поле имени содержит НЕ только буквы Земфира666 rvhajqvv@ya.ru 40
Поле возраст НЕ является числом от 10 до 99 Ольга oivsrkk@ya.ru 7
Поле имени содержит НЕ только буквы Степан42 laydgwwjwn@mail.ru 11
Не хватает операндов not enough values to unpack (expected 3, got 1) в строке Джигурда
Поле возраст НЕ является числом от 10 до 99 Ли mavu@ya.ru 100
Не хватает операндов not enough values to unpack (expected 3, got 2) в строке Тролль 54
Поле имени содержит НЕ только буквы Дмитрий!!!!1 bvkk@mail.ru 26
Поле имени содержит НЕ только буквы Равшан42 ezntle@ya.ru 37
Поле возраст НЕ является числом от 10 до 99 Тролль fsllueom@ya.ru 9
Поле возраст НЕ является числом от 10 до 99 Муммий ufauvx@gmail.com 9
Поле возраст НЕ является числом от 10 до 99 Муммий wznghtc@ya.ru 100
Поле email НЕ содержит @ и .(точку) Чонгкун hvro 22
Поле возраст НЕ является числом от 10 до 99 Ли wqpe@ya.ru 100
Поле email НЕ содержит @ и .(точку) Чехова zirisuryve.mail.ru 58
Поле имени содержит НЕ только буквы Джигурда!!!!1 dyenaemmiv@ya.ru 9
Поле возраст НЕ является числом от 10 до 99 Ярослав zvb@gmail.com 101
Поле имени содержит НЕ только буквы Муммий42 sfghcwc@mail.ru 100
Не хватает операндов not enough values to unpack (expected 3, got 2) в строке Ольга 53
Не хватает операндов not enough values to unpack (expected 3, got 1) в строке 
Поле возраст НЕ является числом от 10 до 99 Гнойный jvqjo@ya.ru 101
Поле возраст НЕ является числом от 10 до 99 Волочкова mwyte@gmail.com 9
Поле email НЕ содержит @ и .(точку) Бузова zmcty 30
Поле имени содержит НЕ только буквы Джигурда42 cgmyyleo@ya.ru 62
Поле email НЕ содержит @ и .(точку) Хенг ihswkiplw.ru 53
Не хватает операндов not enough values to unpack (expected 3, got 2) в строке Чонгкун 24
Поле email НЕ содержит @ и .(точку) Равшан jlo.mail.ru 71
Не хватает операндов not enough values to unpack (expected 3, got 1) в строке 
Поле имени содержит НЕ только буквы Гнойный42 ooscn@mail.ru 55
Поле имени содержит НЕ только буквы Тролль!!!!1 gyvjmzanae@gmail.com 26
Поле имени содержит НЕ только буквы Нагиев42 jrjhg@gmail.com 73
Поле имени содержит НЕ только буквы Ван42 scca@mail.ru 18
Поле имени содержит НЕ только буквы Владимир42 zphtkio@gmail.com 11
Поле email НЕ содержит @ и .(точку) Ольга 98 vlhqzb@gmail.com
Поле возраст НЕ является числом от 10 до 99 Яочуан zgfmcpz@gmail.com 7
Поле email НЕ содержит @ и .(точку) Ярослав rgdcnbxfigvam 32
Поле имени содержит НЕ только буквы Хенг42 mgf@gmail.com 89
Поле возраст НЕ является числом от 10 до 99 Джамшут drzi@mail.ru 101
Поле возраст НЕ является числом от 10 до 99 Артём akttamj@ya.ru 100
Поле возраст НЕ является числом от 10 до 99 Ван lfrvjvbihy@gmail.com 9
Поле возраст НЕ является числом от 10 до 99 Ольга aj@mail.ru 101
Поле email НЕ содержит @ и .(точку) Ольга hg 22
Поле возраст НЕ является числом от 10 до 99 Муммий uddygjvo@ya.ru 7
Поле возраст НЕ является числом от 10 до 99 Бузова fnfankwxld@ya.ru 8
Поле email НЕ содержит @ и .(точку) Волочкова nmilvddubzfigvam 16
Не хватает операндов not enough values to unpack (expected 3, got 1) в строке 
Поле возраст НЕ является числом от 10 до 99 Джамшут agicbvccqx@gmail.com 101
Поле email НЕ содержит @ и .(точку) Чехова apiigtuhb.ru 31
Поле возраст НЕ является числом от 10 до 99 Джамшут ufaukzgft@gmail.com 7
Не хватает операндов not enough values to unpack (expected 3, got 1) в строке 
Поле имени содержит НЕ только буквы Владимир!!!!1 fxjmh@gmail.com 97
Не хватает операндов not enough values to unpack (expected 3, got 1) в строке 
Поле имени содержит НЕ только буквы Ярослав!!!!1 wwmnsfvj@ya.ru 27
Поле возраст НЕ является числом от 10 до 99 Мария zpcmjr@gmail.com 8
Поле имени содержит НЕ только буквы Чехова42 eezcpy@mail.ru 90
Поле email НЕ содержит @ и .(точку) Михаил 28 ilehibygt@mail.ru
Поле email НЕ содержит @ и .(точку) Ярослав 63 eaxnuai@ya.ru
Поле имени содержит НЕ только буквы Хенг666 onttosa@ya.ru 81
Поле имени содержит НЕ только буквы Ярослав666 vv@ya.ru 72
Поле email НЕ содержит @ и .(точку) Дмитрий 34 jccinp@mail.ru
Поле имени содержит НЕ только буквы Ольга666 ibfzjk@ya.ru 91
Поле email НЕ содержит @ и .(точку) Земфира zhrfgfpc 82
Поле возраст НЕ является числом от 10 до 99 Нагиев gsf@gmail.com 8
Поле имени содержит НЕ только буквы Степан666 tkzvgm@mail.ru 72
Поле имени содержит НЕ только буквы Геннадий666 gev@ya.ru 89
Поле возраст НЕ является числом от 10 до 99 Земфира lletd@mail.ru 7
Поле имени содержит НЕ только буквы Владимир666 qudalgiaqm@gmail.com 65
Поле имени содержит НЕ только буквы Владимир!!!!1 qzgghw@gmail.com 12
Поле возраст НЕ является числом от 10 до 99 Сянцзян osopkc@gmail.com 7
Поле email НЕ содержит @ и .(точку) Мария mnfigvam 22
Поле возраст НЕ является числом от 10 до 99 Артём pudlfmzpwi@mail.ru 100
Поле возраст НЕ является числом от 10 до 99 Земфира duyfg@gmail.com 7
Поле имени содержит НЕ только буквы Муммий666 bh@gmail.com 39
Поле возраст НЕ является числом от 10 до 99 Волочкова hk@gmail.com 7
Поле email НЕ содержит @ и .(точку) Ольга sunia.mail.ru 68
Не хватает операндов not enough values to unpack (expected 3, got 1) в строке 
Поле email НЕ содержит @ и .(точку) Нагиев hekhxxlfigvam 67
Не хватает операндов not enough values to unpack (expected 3, got 1) в строке 79
Не хватает операндов not enough values to unpack (expected 3, got 1) в строке 
Поле имени содержит НЕ только буквы Ван42 xm@gmail.com 30
Поле возраст НЕ является числом от 10 до 99 Геннадий ipddomkxs@ya.ru 100
Поле возраст НЕ является числом от 10 до 99 Ярослав mjp@ya.ru 101
Поле возраст НЕ является числом от 10 до 99 Степан ueubww@mail.ru 8
Поле имени содержит НЕ только буквы Ли!!!!1 srjvpum@gmail.com 65
Поле email НЕ содержит @ и .(точку) Чехова 23 fogfgwr@ya.ru
Поле email НЕ содержит @ и .(точку) Дмитрий 33 bewlfhvxxv@ya.ru
Не хватает операндов not enough values to unpack (expected 3, got 1) в строке 
Поле email НЕ содержит @ и .(точку) Бузова 85 ymtcb@mail.ru
Поле имени содержит НЕ только буквы Равшан!!!!1 wxh@mail.ru 14
Не хватает операндов not enough values to unpack (expected 3, got 1) в строке 
Поле email НЕ содержит @ и .(точку) Чонгкун 13 rqkwufl@ya.ru
Поле имени содержит НЕ только буквы Нагиев666 jebsjraw@ya.ru 61
Поле email НЕ содержит @ и .(точку) Дмитрий xkveyjt.ru 90
Поле имени содержит НЕ только буквы Хенг!!!!1 kxp@gmail.com 62
Поле имени содержит НЕ только буквы Нагиев666 ou@mail.ru 27
Поле email НЕ содержит @ и .(точку) Земфира abfigvam 95
Поле email НЕ содержит @ и .(точку) Ярослав xx.mail.ru 43
Поле возраст НЕ является числом от 10 до 99 Волочкова oefgutnvw@mail.ru 101
Поле имени содержит НЕ только буквы Яочуан666 vtkmd@ya.ru 30
Поле имени содержит НЕ только буквы Ольга42 dh@ya.ru 25
Поле возраст НЕ является числом от 10 до 99 Ли ugbeuptrtn@ya.ru 7
Поле имени содержит НЕ только буквы Сянцзян!!!!1 eofcojuehm@ya.ru 32
Поле email НЕ содержит @ и .(точку) Равшан ab.ru 13
Поле имени содержит НЕ только буквы Яочуан!!!!1 hrkqrm@mail.ru 80
Поле имени содержит НЕ только буквы Артём!!!!1 qafsowppis@gmail.com 43
Поле email НЕ содержит @ и .(точку) Джигурда htufigvam 16
Поле возраст НЕ является числом от 10 до 99 Земфира klzjeoxnq@ya.ru 100
Поле возраст НЕ является числом от 10 до 99 Яочуан mmbbjfmwb@ya.ru 9
Поле возраст НЕ является числом от 10 до 99 Нагиев ap@mail.ru 8
Поле имени содержит НЕ только буквы Ольга666 vr@mail.ru 101
Поле возраст НЕ является числом от 10 до 99 Сянцзян nrg@gmail.com 7
Не хватает операндов not enough values to unpack (expected 3, got 1) в строке 62
Поле возраст НЕ является числом от 10 до 99 Мария koieqn@mail.ru 7
Не хватает операндов not enough values to unpack (expected 3, got 2) в строке Чехова 86
Поле возраст НЕ является числом от 10 до 99 Дмитрий tdrc@gmail.com 100
Не хватает операндов not enough values to unpack (expected 3, got 1) в строке Равшан
Поле email НЕ содержит @ и .(точку) Равшан gwtfigvam 92
Поле имени содержит НЕ только буквы Мария666 fxkiz@mail.ru 66
Поле email НЕ содержит @ и .(точку) Ли ieutg.ru 78
Поле возраст НЕ является числом от 10 до 99 Степан egevtifebg@gmail.com 101
Поле возраст НЕ является числом от 10 до 99 Равшан pvtwyqxc@gmail.com 8
Не хватает операндов not enough values to unpack (expected 3, got 1) в строке 
Поле возраст НЕ является числом от 10 до 99 Земфира eqmwug@mail.ru 101
Поле возраст НЕ является числом от 10 до 99 Чонгкун gysadqnc@gmail.com 8
Не хватает операндов not enough values to unpack (expected 3, got 1) в строке pt@ya.ru
Поле возраст НЕ является числом от 10 до 99 Ли luzo@gmail.com 8
Поле возраст НЕ является числом от 10 до 99 Гнойный xyvjancymu@mail.ru 9
Поле возраст НЕ является числом от 10 до 99 Ван fierz@gmail.com 8
Не хватает операндов not enough values to unpack (expected 3, got 1) в строке 
Поле имени содержит НЕ только буквы Владимир666 hjwqgntzb@gmail.com 70
Поле имени содержит НЕ только буквы Джамшут42 mutpfnzqy@mail.ru 63
Поле email НЕ содержит @ и .(точку) Ли zauapqu.ru 32
Поле email НЕ содержит @ и .(точку) Хенг gn.mail.ru 75
Поле email НЕ содержит @ и .(точку) Ольга nx 57
Поле возраст НЕ является числом от 10 до 99 Ли mydowr@ya.ru 100
Поле возраст НЕ является числом от 10 до 99 Ли finxkaeqo@mail.ru 7
Поле возраст НЕ является числом от 10 до 99 Артём okodti@gmail.com 9
Поле возраст НЕ является числом от 10 до 99 Дмитрий hqgon@ya.ru 8
Не хватает операндов not enough values to unpack (expected 3, got 1) в строке 
Поле возраст НЕ является числом от 10 до 99 Равшан xjsibxpos@mail.ru 8
Поле email НЕ содержит @ и .(точку) Чехова 80 lsyfvzjhx@gmail.com
Поле имени содержит НЕ только буквы Чехова42 fqsgq@ya.ru 75
Поле email НЕ содержит @ и .(точку) Артём irrx 8
Поле возраст НЕ является числом от 10 до 99 Степан hnkomvo@ya.ru 8
Поле возраст НЕ является числом от 10 до 99 Ли gggep@mail.ru 7
Поле email НЕ содержит @ и .(точку) Нагиев 39 xexcn@mail.ru
Поле возраст НЕ является числом от 10 до 99 Мария dpdkgrk@mail.ru 9
Поле email НЕ содержит @ и .(точку) Чехова slouvlfjhp.mail.ru 101
Поле возраст НЕ является числом от 10 до 99 Ольга jgsvnytwj@gmail.com 100
Поле возраст НЕ является числом от 10 до 99 Волочкова ofkuhzxqa@mail.ru 100
Поле email НЕ содержит @ и .(точку) Земфира vegfigvam 79
Поле возраст НЕ является числом от 10 до 99 Степан npghipo@ya.ru 8
Поле email НЕ содержит @ и .(точку) Анна verpjfigvam 98
Поле email НЕ содержит @ и .(точку) Бузова hunjg 57
Поле возраст НЕ является числом от 10 до 99 Ли wnqnnhqnu@gmail.com 100
Поле возраст НЕ является числом от 10 до 99 Ли duejc@mail.ru 101
Поле email НЕ содержит @ и .(точку) Гнойный jezdkxv.mail.ru 32
Поле возраст НЕ является числом от 10 до 99 Хенг texclyvv@ya.ru 7
Не хватает операндов not enough values to unpack (expected 3, got 1) в строке 
Поле email НЕ содержит @ и .(точку) Равшан dhoyzo.mail.ru 59
Поле возраст НЕ является числом от 10 до 99 Равшан hhwldj@mail.ru 101
Поле email НЕ содержит @ и .(точку) Нагиев 32 ddqkqncsc@mail.ru
Поле возраст НЕ является числом от 10 до 99 Геннадий gku@mail.ru 100
Поле email НЕ содержит @ и .(точку) Ван vv.ru 28
Поле email НЕ содержит @ и .(точку) Михаил mqfigvam 42
Поле возраст НЕ является числом от 10 до 99 Геннадий ztwc@gmail.com 101
Не хватает операндов not enough values to unpack (expected 3, got 1) в строке Сянцзян
Поле возраст НЕ является числом от 10 до 99 Джигурда ddvn@mail.ru 101
Не хватает операндов not enough values to unpack (expected 3, got 2) в строке 40 vdetvumek@gmail.com
Поле возраст НЕ является числом от 10 до 99 Хенг wnnokxhfi@ya.ru 7
Поле возраст НЕ является числом от 10 до 99 Ярослав lbywftp@mail.ru 9
Поле возраст НЕ является числом от 10 до 99 Земфира vuzzvyh@gmail.com 9
Поле возраст НЕ является числом от 10 до 99 Ван lpu@ya.ru 101
Поле возраст НЕ является числом от 10 до 99 Яочуан yuz@gmail.com 9
Поле возраст НЕ является числом от 10 до 99 Джамшут rfaxstwl@ya.ru 7
Поле email НЕ содержит @ и .(точку) Анна anfh 36
Не хватает операндов not enough values to unpack (expected 3, got 1) в строке 
Поле email НЕ содержит @ и .(точку) Владимир 79 jwnhvvd@mail.ru
Поле возраст НЕ является числом от 10 до 99 Ли omk@ya.ru 7
Поле имени содержит НЕ только буквы Земфира42 xsxj@mail.ru 91
Поле email НЕ содержит @ и .(точку) Степан zhbrwwfigvam 90
Поле возраст НЕ является числом от 10 до 99 Ли ati@gmail.com 100
Поле возраст НЕ является числом от 10 до 99 Ли pinle@mail.ru 101
Поле email НЕ содержит @ и .(точку) Бузова fgmdzbhhus.mail.ru 84
Поле email НЕ содержит @ и .(точку) Владимир xvrxzprb.ru 66
Поле email НЕ содержит @ и .(точку) Ли xltzkbtd 29
Поле email НЕ содержит @ и .(точку) Степан faydat 39
Поле email НЕ содержит @ и .(точку) Степан nlfigvam 18
Не хватает операндов not enough values to unpack (expected 3, got 1) в строке 
Поле возраст НЕ является числом от 10 до 99 Чехова zlwudasr@ya.ru 9
Поле имени содержит НЕ только буквы Земфира666 otxxpaiu@ya.ru 69
Поле email НЕ содержит @ и .(точку) Бузова rdvhta.mail.ru 73
Поле email НЕ содержит @ и .(точку) Сянцзян cvb 34
Поле email НЕ содержит @ и .(точку) Артём ug 19
Поле возраст НЕ является числом от 10 до 99 Джамшут lgwoaerkg@gmail.com 101
Не хватает операндов not enough values to unpack (expected 3, got 1) в строке vcbqv@mail.ru
Поле email НЕ содержит @ и .(точку) Джамшут qnju 15
Поле возраст НЕ является числом от 10 до 99 Волочкова vbw@ya.ru 7
Поле email НЕ содержит @ и .(точку) Чехова hymvrilgca.ru 29
Поле возраст НЕ является числом от 10 до 99 Чехова xzxezuwdo@mail.ru 8
Поле возраст НЕ является числом от 10 до 99 Михаил kpwnmczyg@ya.ru 7
Поле возраст НЕ является числом от 10 до 99 Сянцзян ddsto@mail.ru 9
Поле email НЕ содержит @ и .(точку) Земфира jiul 26
Не хватает операндов not enough values to unpack (expected 3, got 2) в строке Хенг wdigvfokm@mail.ru
Поле возраст НЕ является числом от 10 до 99 Равшан hjleuh@gmail.com 7
Поле возраст НЕ является числом от 10 до 99 Тролль zlivjohx@ya.ru 100
Поле email НЕ содержит @ и .(точку) Артём wsqxhe.mail.ru 59
Не хватает операндов not enough values to unpack (expected 3, got 1) в строке 
Поле возраст НЕ является числом от 10 до 99 Артём grhwwz@gmail.com 9
Поле email НЕ содержит @ и .(точку) Чонгкун hcfuvw 87
Поле возраст НЕ является числом от 10 до 99 Ольга ia@gmail.com 8
Поле возраст НЕ является числом от 10 до 99 Степан ay@ya.ru 8
Поле возраст НЕ является числом от 10 до 99 Чонгкун wrmis@ya.ru 101
Поле email НЕ содержит @ и .(точку) Геннадий 60 qe@mail.ru
Не хватает операндов not enough values to unpack (expected 3, got 1) в строке Ольга
Поле возраст НЕ является числом от 10 до 99 Анна aqkdbkyeb@gmail.com 9
Поле email НЕ содержит @ и .(точку) Владимир wv.ru 69
Поле имени содержит НЕ только буквы Анна42 ed@mail.ru 17
Поле возраст НЕ является числом от 10 до 99 Бузова xoyg@mail.ru 7
Поле возраст НЕ является числом от 10 до 99 Джамшут depp@gmail.com 100
Поле имени содержит НЕ только буквы Муммий!!!!1 scqo@mail.ru 94
Поле возраст НЕ является числом от 10 до 99 Владимир grrnerwhl@ya.ru 101
Поле возраст НЕ является числом от 10 до 99 Ли vjarik@ya.ru 7
Не хватает операндов not enough values to unpack (expected 3, got 2) в строке Джамшут 34
Поле возраст НЕ является числом от 10 до 99 Яочуан kcbataacan@ya.ru 100
Не хватает операндов not enough values to unpack (expected 3, got 1) в строке 
Поле email НЕ содержит @ и .(точку) Тролль vfgb.mail.ru 60
Поле email НЕ содержит @ и .(точку) Сянцзян ep.mail.ru 58
Поле возраст НЕ является числом от 10 до 99 Хенг qgonstc@mail.ru 7
Поле имени содержит НЕ только буквы Джигурда!!!!1 xpomzztfou@mail.ru 64
Поле возраст НЕ является числом от 10 до 99 Анна qcsrfjho@ya.ru 100
Поле email НЕ содержит @ и .(точку) Анна whlbfloq.mail.ru 93
Не хватает операндов not enough values to unpack (expected 3, got 1) в строке 
Поле имени содержит НЕ только буквы Михаил666 kssuv@gmail.com 99
Поле возраст НЕ является числом от 10 до 99 Ли ivmjtzik@ya.ru 101
Поле email НЕ содержит @ и .(точку) Волочкова lulntpfigvam 26
Поле возраст НЕ является числом от 10 до 99 Чонгкун ogoujvw@mail.ru 7
Поле имени содержит НЕ только буквы Волочкова666 qpaiijbtfigvam 55
Поле email НЕ содержит @ и .(точку) Чехова twfaumdygs 33
Поле имени содержит НЕ только буквы Ван42 vpvya@ya.ru 15
Не хватает операндов not enough values to unpack (expected 3, got 2) в строке Дмитрий py@gmail.com
Поле возраст НЕ является числом от 10 до 99 Пенг qwenv@gmail.com 101
Поле имени содержит НЕ только буквы Анна666 zvuc@gmail.com 25
Поле email НЕ содержит @ и .(точку) Геннадий 10 sdnri@mail.ru
Поле возраст НЕ является числом от 10 до 99 Гнойный fj@mail.ru 101
Поле возраст НЕ является числом от 10 до 99 Муммий vksqce@mail.ru 8
Поле возраст НЕ является числом от 10 до 99 Чехова jewi@gmail.com 100
Поле возраст НЕ является числом от 10 до 99 Волочкова ojzvn@mail.ru 8
Не хватает операндов not enough values to unpack (expected 3, got 2) в строке Геннадий 77
Поле email НЕ содержит @ и .(точку) Сянцзян 97 xangyo@ya.ru
Поле возраст НЕ является числом от 10 до 99 Гнойный jproimqazq@gmail.com 7
Поле email НЕ содержит @ и .(точку) Анна hwqdzkt 85
Не хватает операндов not enough values to unpack (expected 3, got 2) в строке Пенг ft@mail.ru
Поле возраст НЕ является числом от 10 до 99 Ли rpsbjxcidy@ya.ru 8
Поле возраст НЕ является числом от 10 до 99 Геннадий jrfxflls@ya.ru 101
Поле email НЕ содержит @ и .(точку) Чонгкун 51 gaugtep@mail.ru
Поле возраст НЕ является числом от 10 до 99 Геннадий xdrmu@mail.ru 9
Не хватает операндов not enough values to unpack (expected 3, got 2) в строке Джамшут 63
Поле возраст НЕ является числом от 10 до 99 Дмитрий imkjxt@gmail.com 100
Поле email НЕ содержит @ и .(точку) Хенг flsiogmwfv.mail.ru 60
Поле возраст НЕ является числом от 10 до 99 Степан cwpxzmvcys@mail.ru 100
Поле возраст НЕ является числом от 10 до 99 Волочкова ccni@gmail.com 100
Не хватает операндов not enough values to unpack (expected 3, got 1) в строке Джамшут
Поле email НЕ содержит @ и .(точку) Хенг rlbvvaq 21
Поле возраст НЕ является числом от 10 до 99 Анна qi@ya.ru 101
Поле возраст НЕ является числом от 10 до 99 Джамшут bumqppdlj@mail.ru 101
Поле email НЕ содержит @ и .(точку) Тролль sw 54
Поле возраст НЕ является числом от 10 до 99 Джамшут qtm@mail.ru 100
Поле имени содержит НЕ только буквы Джигурда42 byuxfoyigk@ya.ru 21
Поле email НЕ содержит @ и .(точку) Ли ykpenvzfigvam 39
Не хватает операндов not enough values to unpack (expected 3, got 1) в строке 98
Поле email НЕ содержит @ и .(точку) Земфира azxq 82
Поле возраст НЕ является числом от 10 до 99 Ли yaagqzrje@gmail.com 101
Поле возраст НЕ является числом от 10 до 99 Артём by@gmail.com 101
Поле возраст НЕ является числом от 10 до 99 Яочуан bpn@ya.ru 8
Поле возраст НЕ является числом от 10 до 99 Чонгкун sayoo@ya.ru 100
Поле имени содержит НЕ только буквы Яочуан42 zihdblwz@mail.ru 98
Поле возраст НЕ является числом от 10 до 99 Ольга hrvxhaieg@mail.ru 101
Поле возраст НЕ является числом от 10 до 99 Чехова ieiq@gmail.com 100
Поле возраст НЕ является числом от 10 до 99 Владимир edx@ya.ru 100
Поле email НЕ содержит @ и .(точку) Равшан mdza.ru 94
Не хватает операндов not enough values to unpack (expected 3, got 1) в строке 61
Поле имени содержит НЕ только буквы Джамшут666 kjw@gmail.com 25
Поле возраст НЕ является числом от 10 до 99 Бузова uri@mail.ru 8
Поле возраст НЕ является числом от 10 до 99 Гнойный dbvk@mail.ru 100
Поле возраст НЕ является числом от 10 до 99 Ван rgjaqkqs@gmail.com 8
Поле возраст НЕ является числом от 10 до 99 Волочкова mnu@mail.ru 8
Поле имени содержит НЕ только буквы Ли42 vqffrrlfh@gmail.com 99
Поле имени содержит НЕ только буквы Тролль666 se@mail.ru 52
Поле возраст НЕ является числом от 10 до 99 Дмитрий xayinimkz@mail.ru 7
